
2025-07-30 13:33:45- 404 - Erro ao acessar a rota:  
 App\exceptions\routersExceptions: A rota não existe in /var/www/html/index.php:28
Stack trace:
#0 {main}
2025-07-30 13:33:56- 404 - Erro ao acessar a rota:  
 App\exceptions\routersExceptions: A rota não existe in /var/www/html/index.php:28
Stack trace:
#0 {main}
2025-07-30 13:49:48- 404 - Erro ao acessar a rota:  
 App\exceptions\routersExceptions: A rota não existe in /var/www/html/index.php:28
Stack trace:
#0 {main}
2025-07-30 13:49:50- 404 - Erro ao acessar a rota:  
 App\exceptions\routersExceptions: A rota não existe in /var/www/html/index.php:28
Stack trace:
#0 {main}
2025-07-30 14:15:03- 404 - Erro ao acessar a rota:  
 App\exceptions\routersExceptions: A rota não existe in /var/www/html/index.php:28
Stack trace:
#0 {main}
2025-07-30 14:15:04- 404 - Erro ao acessar a rota:  
 App\exceptions\routersExceptions: A rota não existe in /var/www/html/index.php:28
Stack trace:
#0 {main}
2025-07-30 14:15:29- 404 - Erro ao acessar a rota:  
 App\exceptions\routersExceptions: A rota não existe in /var/www/html/index.php:28
Stack trace:
#0 {main}
2025-07-30 14:16:53- 404 - Erro ao acessar a rota:  
 App\exceptions\routersExceptions: A rota não existe in /var/www/html/index.php:28
Stack trace:
#0 {main}
2025-07-30 14:16:55- 404 - Erro ao acessar a rota:  
 App\exceptions\routersExceptions: A rota não existe in /var/www/html/index.php:28
Stack trace:
#0 {main}
2025-07-30 14:17:41- 404 - Erro ao acessar a rota:  
 App\exceptions\routersExceptions: A rota não existe in /var/www/html/index.php:28
Stack trace:
#0 {main}
2025-07-30 14:18:37- 404 - Erro ao acessar a rota:  
 App\exceptions\routersExceptions: A rota não existe in /var/www/html/index.php:28
Stack trace:
#0 {main}
2025-07-30 14:19:02- 404 - Erro ao acessar a rota:  
 App\exceptions\routersExceptions: A rota não existe in /var/www/html/index.php:28
Stack trace:
#0 {main}
2025-07-30 14:19:21- 404 - Erro ao acessar a rota:  
 App\exceptions\routersExceptions: A rota não existe in /var/www/html/index.php:28
Stack trace:
#0 {main}
2025-07-30 14:19:34- 404 - Erro ao acessar a conta:  
 App\exceptions\invalidParametersAuthException: Já existe conta com esse CPF in /var/www/html/app/controllers/AuthController.php:34
Stack trace:
#0 /var/www/html/App/routers/router.php(23): App\controllers\AuthController->criarConta(Object(stdClass))
#1 /var/www/html/App/routers/router.php(49): App\exceptions\load('AuthController', 'criarConta')
#2 /var/www/html/index.php(32): App\exceptions\{closure}()
#3 {main}
2025-07-30 14:19:34- 404 - Erro ao acessar a rota:  
 App\exceptions\routersExceptions: A rota não existe in /var/www/html/index.php:28
Stack trace:
#0 {main}
2025-07-30 14:19:50- 404 - Erro ao acessar a rota:  
 App\exceptions\routersExceptions: A rota não existe in /var/www/html/index.php:28
Stack trace:
#0 {main}
2025-07-30 14:20:11- 404 - Erro ao acessar a rota:  
 App\exceptions\routersExceptions: A rota não existe in /var/www/html/index.php:28
Stack trace:
#0 {main}
2025-07-30 14:20:14- 404 - Erro ao acessar a rota:  
 App\exceptions\routersExceptions: A rota não existe in /var/www/html/index.php:28
Stack trace:
#0 {main}
2025-07-30 14:20:49- 404 - Erro ao acessar a rota:  
 App\exceptions\routersExceptions: A rota não existe in /var/www/html/index.php:28
Stack trace:
#0 {main}
2025-07-30 14:20:55- 404 - Erro ao acessar a rota:  
 App\exceptions\routersExceptions: A rota não existe in /var/www/html/index.php:28
Stack trace:
#0 {main}
2025-07-30 14:21:49- 404 - Erro ao acessar a rota:  
 App\exceptions\routersExceptions: A rota não existe in /var/www/html/index.php:28
Stack trace:
#0 {main}
2025-07-30 14:22:00- 404 - Erro ao acessar a rota:  
 App\exceptions\routersExceptions: A rota não existe in /var/www/html/index.php:28
Stack trace:
#0 {main}
2025-07-30 14:22:20- 404 - Erro ao acessar a rota:  
 App\exceptions\routersExceptions: A rota não existe in /var/www/html/index.php:28
Stack trace:
#0 {main}
2025-07-30 14:23:06- 404 - Erro ao acessar a rota:  
 App\exceptions\routersExceptions: A rota não existe in /var/www/html/index.php:28
Stack trace:
#0 {main}
2025-07-30 14:23:27- 404 - Erro ao acessar a rota:  
 App\exceptions\routersExceptions: A rota não existe in /var/www/html/index.php:28
Stack trace:
#0 {main}
2025-07-30 14:23:52- 404 - Erro ao acessar a rota:  
 App\exceptions\routersExceptions: A rota não existe in /var/www/html/index.php:28
Stack trace:
#0 {main}
2025-07-30 14:24:17- 404 - Erro ao acessar a rota:  
 App\exceptions\routersExceptions: A rota não existe in /var/www/html/index.php:28
Stack trace:
#0 {main}
2025-07-30 14:25:46- 404 - Erro ao acessar a rota:  
 App\exceptions\routersExceptions: A rota não existe in /var/www/html/index.php:28
Stack trace:
#0 {main}
2025-07-30 14:25:46- 404 - Erro ao acessar a rota:  
 App\exceptions\routersExceptions: A rota não existe in /var/www/html/index.php:28
Stack trace:
#0 {main}
2025-07-30 14:27:15- 404 - Erro ao acessar a rota:  
 App\exceptions\routersExceptions: A rota não existe in /var/www/html/index.php:28
Stack trace:
#0 {main}
2025-07-30 14:27:15- 404 - Erro ao acessar a rota:  
 App\exceptions\routersExceptions: A rota não existe in /var/www/html/index.php:28
Stack trace:
#0 {main}
2025-07-30 14:32:36- 404 - Erro ao acessar a rota:  
 App\exceptions\routersExceptions: A rota não existe in /var/www/html/index.php:28
Stack trace:
#0 {main}
2025-07-30 14:32:36- 404 - Erro ao acessar a rota:  
 App\exceptions\routersExceptions: A rota não existe in /var/www/html/index.php:28
Stack trace:
#0 {main}
2025-07-30 14:32:40- 404 - Erro ao acessar a rota:  
 App\exceptions\routersExceptions: A rota não existe in /var/www/html/index.php:28
Stack trace:
#0 {main}
2025-07-30 14:32:40- 404 - Erro ao acessar a rota:  
 App\exceptions\routersExceptions: A rota não existe in /var/www/html/index.php:28
Stack trace:
#0 {main}
2025-07-30 14:36:13- 404 - Erro ao acessar a rota:  
 App\exceptions\routersExceptions: A rota não existe in /var/www/html/index.php:28
Stack trace:
#0 {main}
2025-07-30 14:36:13- 404 - Erro ao acessar a rota:  
 App\exceptions\routersExceptions: A rota não existe in /var/www/html/index.php:28
Stack trace:
#0 {main}
2025-07-30 14:36:16- 404 - Erro ao acessar a rota:  
 App\exceptions\routersExceptions: A rota não existe in /var/www/html/index.php:28
Stack trace:
#0 {main}
2025-07-30 14:36:16- 404 - Erro ao acessar a rota:  
 App\exceptions\routersExceptions: A rota não existe in /var/www/html/index.php:28
Stack trace:
#0 {main}
2025-07-30 14:53:52- 404 - Erro ao acessar a rota:  
 App\exceptions\routersExceptions: A rota não existe in /var/www/html/index.php:28
Stack trace:
#0 {main}
2025-07-30 14:53:52- 404 - Erro ao acessar a rota:  
 App\exceptions\routersExceptions: A rota não existe in /var/www/html/index.php:28
Stack trace:
#0 {main}
2025-07-30 14:53:55- 404 - Erro ao acessar a rota:  
 App\exceptions\routersExceptions: A rota não existe in /var/www/html/index.php:28
Stack trace:
#0 {main}
2025-07-30 14:53:55- 404 - Erro ao acessar a rota:  
 App\exceptions\routersExceptions: A rota não existe in /var/www/html/index.php:28
Stack trace:
#0 {main}
2025-07-30 14:53:56- 404 - Erro ao acessar a rota:  
 App\exceptions\routersExceptions: A rota não existe in /var/www/html/index.php:28
Stack trace:
#0 {main}
2025-07-30 14:53:56- 404 - Erro ao acessar a rota:  
 App\exceptions\routersExceptions: A rota não existe in /var/www/html/index.php:28
Stack trace:
#0 {main}
2025-07-30 15:31:43- 404 - Erro ao acessar a rota:  
 App\exceptions\routersExceptions: A rota não existe in /var/www/html/index.php:28
Stack trace:
#0 {main}
2025-07-30 15:32:12- 404 - Erro ao acessar a rota:  
 App\exceptions\routersExceptions: A rota não existe in /var/www/html/index.php:28
Stack trace:
#0 {main}
2025-07-30 15:32:15- 404 - Erro ao acessar a rota:  
 App\exceptions\routersExceptions: A rota não existe in /var/www/html/index.php:28
Stack trace:
#0 {main}
2025-07-30 15:32:51- 404 - Erro ao acessar a rota:  
 App\exceptions\routersExceptions: A rota não existe in /var/www/html/index.php:28
Stack trace:
#0 {main}
2025-07-30 15:35:34- 404 - Erro ao acessar a rota:  
 App\exceptions\routersExceptions: A rota não existe in /var/www/html/index.php:28
Stack trace:
#0 {main}
2025-07-30 15:36:02- 404 - Erro ao acessar a rota:  
 App\exceptions\routersExceptions: A rota não existe in /var/www/html/index.php:28
Stack trace:
#0 {main}
2025-07-30 15:36:04- 404 - Erro ao acessar a rota:  
 App\exceptions\routersExceptions: A rota não existe in /var/www/html/index.php:28
Stack trace:
#0 {main}
2025-07-30 15:36:07- 404 - Erro ao acessar a rota:  
 App\exceptions\routersExceptions: A rota não existe in /var/www/html/index.php:28
Stack trace:
#0 {main}
2025-07-30 15:36:47- 404 - Erro ao acessar a rota:  
 App\exceptions\routersExceptions: A rota não existe in /var/www/html/index.php:28
Stack trace:
#0 {main}
2025-07-30 15:43:00- 404 - Erro ao acessar a rota:  
 App\exceptions\routersExceptions: A rota não existe in /var/www/html/index.php:28
Stack trace:
#0 {main}
2025-07-30 15:43:03- 404 - Erro ao acessar a rota:  
 App\exceptions\routersExceptions: A rota não existe in /var/www/html/index.php:28
Stack trace:
#0 {main}
2025-07-30 15:43:30- 404 - Erro ao acessar a rota:  
 App\exceptions\routersExceptions: A rota não existe in /var/www/html/index.php:28
Stack trace:
#0 {main}
2025-07-30 15:43:33- 404 - Erro ao acessar a rota:  
 App\exceptions\routersExceptions: A rota não existe in /var/www/html/index.php:28
Stack trace:
#0 {main}
2025-07-30 15:43:35- 404 - Erro ao acessar a rota:  
 App\exceptions\routersExceptions: A rota não existe in /var/www/html/index.php:28
Stack trace:
#0 {main}
2025-07-30 15:44:04- 404 - Erro ao acessar a rota:  
 App\exceptions\routersExceptions: A rota não existe in /var/www/html/index.php:28
Stack trace:
#0 {main}
2025-07-30 15:44:59- 404 - Erro ao acessar a rota:  
 App\exceptions\routersExceptions: A rota não existe in /var/www/html/index.php:28
Stack trace:
#0 {main}
2025-07-30 15:45:07- 404 - Erro ao acessar a rota:  
 App\exceptions\routersExceptions: A rota não existe in /var/www/html/index.php:28
Stack trace:
#0 {main}
2025-07-30 15:45:19- 404 - Erro ao acessar a rota:  
 App\exceptions\routersExceptions: A rota não existe in /var/www/html/index.php:28
Stack trace:
#0 {main}
2025-07-30 15:51:57- 404 - Erro ao acessar a rota:  
 App\exceptions\routersExceptions: A rota não existe in /var/www/html/index.php:28
Stack trace:
#0 {main}
2025-07-30 15:52:11- 404 - Erro ao acessar a rota:  
 App\exceptions\routersExceptions: A rota não existe in /var/www/html/index.php:28
Stack trace:
#0 {main}
2025-07-30 15:53:14- 404 - Erro ao acessar a rota:  
 App\exceptions\routersExceptions: A rota não existe in /var/www/html/index.php:28
Stack trace:
#0 {main}
2025-07-30 15:53:14- 404 - Erro ao acessar a rota:  
 App\exceptions\routersExceptions: A rota não existe in /var/www/html/index.php:28
Stack trace:
#0 {main}
2025-07-30 15:54:04- 404 - Erro ao acessar a rota:  
 App\exceptions\routersExceptions: A rota não existe in /var/www/html/index.php:28
Stack trace:
#0 {main}
2025-07-30 15:54:04- 404 - Erro ao acessar a rota:  
 App\exceptions\routersExceptions: A rota não existe in /var/www/html/index.php:28
Stack trace:
#0 {main}
2025-07-30 15:56:24- 404 - Erro ao acessar a rota:  
 App\exceptions\routersExceptions: A rota não existe in /var/www/html/index.php:28
Stack trace:
#0 {main}
2025-07-30 15:56:24- 404 - Erro ao acessar a rota:  
 App\exceptions\routersExceptions: A rota não existe in /var/www/html/index.php:28
Stack trace:
#0 {main}
2025-07-30 16:00:08- 404 - Erro ao acessar a rota:  
 App\exceptions\routersExceptions: A rota não existe in /var/www/html/index.php:28
Stack trace:
#0 {main}
2025-07-30 16:00:08- 404 - Erro ao acessar a rota:  
 App\exceptions\routersExceptions: A rota não existe in /var/www/html/index.php:28
Stack trace:
#0 {main}
2025-07-30 16:00:44- 404 - Erro ao acessar a rota:  
 App\exceptions\routersExceptions: A rota não existe in /var/www/html/index.php:28
Stack trace:
#0 {main}
2025-07-30 16:00:44- 404 - Erro ao acessar a rota:  
 App\exceptions\routersExceptions: A rota não existe in /var/www/html/index.php:28
Stack trace:
#0 {main}
2025-07-30 16:01:23- 404 - Erro ao acessar a rota:  
 App\exceptions\routersExceptions: A rota não existe in /var/www/html/index.php:28
Stack trace:
#0 {main}
2025-07-30 16:01:23- 404 - Erro ao acessar a rota:  
 App\exceptions\routersExceptions: A rota não existe in /var/www/html/index.php:28
Stack trace:
#0 {main}
2025-07-30 16:05:48- 404 - Erro ao acessar a rota:  
 App\exceptions\routersExceptions: A rota não existe in /var/www/html/index.php:28
Stack trace:
#0 {main}
2025-07-30 16:05:48- 404 - Erro ao acessar a rota:  
 App\exceptions\routersExceptions: A rota não existe in /var/www/html/index.php:28
Stack trace:
#0 {main}
2025-07-30 16:06:01- 404 - Erro ao acessar a rota:  
 App\exceptions\routersExceptions: A rota não existe in /var/www/html/index.php:28
Stack trace:
#0 {main}
2025-07-30 16:06:01- 404 - Erro ao acessar a rota:  
 App\exceptions\routersExceptions: A rota não existe in /var/www/html/index.php:28
Stack trace:
#0 {main}
2025-07-30 16:06:42- 404 - Erro ao acessar a rota:  
 App\exceptions\routersExceptions: A rota não existe in /var/www/html/index.php:28
Stack trace:
#0 {main}
2025-07-30 16:06:42- 404 - Erro ao acessar a rota:  
 App\exceptions\routersExceptions: A rota não existe in /var/www/html/index.php:28
Stack trace:
#0 {main}
2025-07-30 16:07:13- 404 - Erro ao acessar a rota:  
 App\exceptions\routersExceptions: A rota não existe in /var/www/html/index.php:28
Stack trace:
#0 {main}
2025-07-30 16:07:13- 404 - Erro ao acessar a rota:  
 App\exceptions\routersExceptions: A rota não existe in /var/www/html/index.php:28
Stack trace:
#0 {main}
2025-07-30 16:11:20- 404 - Erro ao acessar a rota:  
 App\exceptions\routersExceptions: A rota não existe in /var/www/html/index.php:28
Stack trace:
#0 {main}
2025-07-30 16:11:20- 404 - Erro ao acessar a rota:  
 App\exceptions\routersExceptions: A rota não existe in /var/www/html/index.php:28
Stack trace:
#0 {main}
2025-07-30 16:12:57- 404 - Erro ao acessar a rota:  
 App\exceptions\routersExceptions: A rota não existe in /var/www/html/index.php:28
Stack trace:
#0 {main}
2025-07-30 16:12:57- 404 - Erro ao acessar a rota:  
 App\exceptions\routersExceptions: A rota não existe in /var/www/html/index.php:28
Stack trace:
#0 {main}
2025-07-30 16:13:25- 404 - Erro ao acessar a rota:  
 App\exceptions\routersExceptions: A rota não existe in /var/www/html/index.php:28
Stack trace:
#0 {main}
2025-07-30 16:13:26- 404 - Erro ao acessar a rota:  
 App\exceptions\routersExceptions: A rota não existe in /var/www/html/index.php:28
Stack trace:
#0 {main}
2025-07-30 16:14:08- 404 - Erro ao acessar a rota:  
 App\exceptions\routersExceptions: A rota não existe in /var/www/html/index.php:28
Stack trace:
#0 {main}
2025-07-30 16:14:09- 404 - Erro ao acessar a rota:  
 App\exceptions\routersExceptions: A rota não existe in /var/www/html/index.php:28
Stack trace:
#0 {main}
2025-07-30 16:16:06- 404 - Erro ao acessar a rota:  
 App\exceptions\routersExceptions: A rota não existe in /var/www/html/index.php:28
Stack trace:
#0 {main}
2025-07-30 16:16:07- 404 - Erro ao acessar a rota:  
 App\exceptions\routersExceptions: A rota não existe in /var/www/html/index.php:28
Stack trace:
#0 {main}
2025-07-30 16:16:39- 404 - Erro ao acessar a rota:  
 App\exceptions\routersExceptions: A rota não existe in /var/www/html/index.php:28
Stack trace:
#0 {main}
2025-07-30 16:16:39- 404 - Erro ao acessar a rota:  
 App\exceptions\routersExceptions: A rota não existe in /var/www/html/index.php:28
Stack trace:
#0 {main}
2025-07-30 16:19:45- 404 - Erro ao acessar a rota:  
 App\exceptions\routersExceptions: A rota não existe in /var/www/html/index.php:28
Stack trace:
#0 {main}
2025-07-30 16:19:45- 404 - Erro ao acessar a rota:  
 App\exceptions\routersExceptions: A rota não existe in /var/www/html/index.php:28
Stack trace:
#0 {main}
2025-07-30 16:20:56- 404 - Erro ao acessar a rota:  
 App\exceptions\routersExceptions: A rota não existe in /var/www/html/index.php:28
Stack trace:
#0 {main}
2025-07-30 16:20:56- 404 - Erro ao acessar a rota:  
 App\exceptions\routersExceptions: A rota não existe in /var/www/html/index.php:28
Stack trace:
#0 {main}
2025-07-30 16:21:16- 404 - Erro ao acessar a rota:  
 App\exceptions\routersExceptions: A rota não existe in /var/www/html/index.php:28
Stack trace:
#0 {main}
2025-07-30 16:21:16- 404 - Erro ao acessar a rota:  
 App\exceptions\routersExceptions: A rota não existe in /var/www/html/index.php:28
Stack trace:
#0 {main}
2025-07-30 16:22:28- 404 - Erro ao acessar a rota:  
 App\exceptions\routersExceptions: A rota não existe in /var/www/html/index.php:28
Stack trace:
#0 {main}
2025-07-30 16:22:28- 404 - Erro ao acessar a rota:  
 App\exceptions\routersExceptions: A rota não existe in /var/www/html/index.php:28
Stack trace:
#0 {main}
2025-07-30 16:22:29- 404 - Erro ao acessar a rota:  
 App\exceptions\routersExceptions: A rota não existe in /var/www/html/index.php:28
Stack trace:
#0 {main}
2025-07-30 16:22:29- 404 - Erro ao acessar a rota:  
 App\exceptions\routersExceptions: A rota não existe in /var/www/html/index.php:28
Stack trace:
#0 {main}
2025-07-30 16:26:58- 404 - Erro ao acessar a rota:  
 App\exceptions\routersExceptions: A rota não existe in /var/www/html/index.php:28
Stack trace:
#0 {main}
2025-07-30 16:26:58- 404 - Erro ao acessar a rota:  
 App\exceptions\routersExceptions: A rota não existe in /var/www/html/index.php:28
Stack trace:
#0 {main}
2025-07-30 16:27:43- 404 - Erro ao acessar a rota:  
 App\exceptions\routersExceptions: A rota não existe in /var/www/html/index.php:28
Stack trace:
#0 {main}
2025-07-30 16:27:43- 404 - Erro ao acessar a rota:  
 App\exceptions\routersExceptions: A rota não existe in /var/www/html/index.php:28
Stack trace:
#0 {main}
2025-07-30 17:00:28- 404 - Erro ao acessar a rota:  
 App\exceptions\routersExceptions: A rota não existe in /var/www/html/index.php:28
Stack trace:
#0 {main}
2025-07-30 17:00:28- 404 - Erro ao acessar a rota:  
 App\exceptions\routersExceptions: A rota não existe in /var/www/html/index.php:28
Stack trace:
#0 {main}
2025-07-30 17:01:20- 404 - Erro ao acessar a rota:  
 App\exceptions\routersExceptions: A rota não existe in /var/www/html/index.php:28
Stack trace:
#0 {main}
2025-07-30 17:01:20- 404 - Erro ao acessar a rota:  
 App\exceptions\routersExceptions: A rota não existe in /var/www/html/index.php:28
Stack trace:
#0 {main}
2025-07-30 17:01:54- 404 - Erro ao acessar a rota:  
 App\exceptions\routersExceptions: A rota não existe in /var/www/html/index.php:28
Stack trace:
#0 {main}
2025-07-30 17:01:54- 404 - Erro ao acessar a rota:  
 App\exceptions\routersExceptions: A rota não existe in /var/www/html/index.php:28
Stack trace:
#0 {main}
2025-07-30 17:02:53- 404 - Erro ao acessar a rota:  
 App\exceptions\routersExceptions: A rota não existe in /var/www/html/index.php:28
Stack trace:
#0 {main}
2025-07-30 17:02:53- 404 - Erro ao acessar a rota:  
 App\exceptions\routersExceptions: A rota não existe in /var/www/html/index.php:28
Stack trace:
#0 {main}
2025-07-30 17:02:58- 404 - Erro ao acessar a rota:  
 App\exceptions\routersExceptions: A rota não existe in /var/www/html/index.php:28
Stack trace:
#0 {main}
2025-07-30 17:02:58- 404 - Erro ao acessar a rota:  
 App\exceptions\routersExceptions: A rota não existe in /var/www/html/index.php:28
Stack trace:
#0 {main}
2025-07-30 17:03:41- 404 - Erro ao acessar a rota:  
 App\exceptions\routersExceptions: A rota não existe in /var/www/html/index.php:28
Stack trace:
#0 {main}
2025-07-30 17:03:41- 404 - Erro ao acessar a rota:  
 App\exceptions\routersExceptions: A rota não existe in /var/www/html/index.php:28
Stack trace:
#0 {main}
2025-07-30 17:04:31- 404 - Erro ao acessar a rota:  
 App\exceptions\routersExceptions: A rota não existe in /var/www/html/index.php:28
Stack trace:
#0 {main}
2025-07-30 17:04:31- 404 - Erro ao acessar a rota:  
 App\exceptions\routersExceptions: A rota não existe in /var/www/html/index.php:28
Stack trace:
#0 {main}
2025-07-30 17:06:14- 404 - Erro ao acessar a rota:  
 App\exceptions\routersExceptions: A rota não existe in /var/www/html/index.php:28
Stack trace:
#0 {main}
2025-07-30 17:06:14- 404 - Erro ao acessar a rota:  
 App\exceptions\routersExceptions: A rota não existe in /var/www/html/index.php:28
Stack trace:
#0 {main}
2025-07-30 17:06:30- 404 - Erro ao acessar a rota:  
 App\exceptions\routersExceptions: A rota não existe in /var/www/html/index.php:28
Stack trace:
#0 {main}
2025-07-30 17:06:30- 404 - Erro ao acessar a rota:  
 App\exceptions\routersExceptions: A rota não existe in /var/www/html/index.php:28
Stack trace:
#0 {main}
2025-07-30 17:07:17- 404 - Erro ao acessar a rota:  
 App\exceptions\routersExceptions: A rota não existe in /var/www/html/index.php:28
Stack trace:
#0 {main}
2025-07-30 17:07:17- 404 - Erro ao acessar a rota:  
 App\exceptions\routersExceptions: A rota não existe in /var/www/html/index.php:28
Stack trace:
#0 {main}
2025-07-30 17:07:34- 404 - Erro ao acessar a rota:  
 App\exceptions\routersExceptions: A rota não existe in /var/www/html/index.php:28
Stack trace:
#0 {main}
2025-07-30 17:07:34- 404 - Erro ao acessar a rota:  
 App\exceptions\routersExceptions: A rota não existe in /var/www/html/index.php:28
Stack trace:
#0 {main}
2025-07-30 17:08:16- 404 - Erro ao acessar a rota:  
 App\exceptions\routersExceptions: A rota não existe in /var/www/html/index.php:28
Stack trace:
#0 {main}
2025-07-30 17:08:16- 404 - Erro ao acessar a rota:  
 App\exceptions\routersExceptions: A rota não existe in /var/www/html/index.php:28
Stack trace:
#0 {main}
2025-07-30 17:19:50- 404 - Erro ao acessar a rota:  
 App\exceptions\routersExceptions: A rota não existe in /var/www/html/index.php:28
Stack trace:
#0 {main}
2025-07-30 17:19:50- 404 - Erro ao acessar a rota:  
 App\exceptions\routersExceptions: A rota não existe in /var/www/html/index.php:28
Stack trace:
#0 {main}
2025-07-30 17:19:57- 404 - Erro ao acessar a rota:  
 App\exceptions\routersExceptions: A rota não existe in /var/www/html/index.php:28
Stack trace:
#0 {main}
2025-07-30 17:19:58- 404 - Erro ao acessar a rota:  
 App\exceptions\routersExceptions: A rota não existe in /var/www/html/index.php:28
Stack trace:
#0 {main}
2025-07-30 17:20:06- 404 - Erro ao acessar a rota:  
 App\exceptions\routersExceptions: A rota não existe in /var/www/html/index.php:28
Stack trace:
#0 {main}
2025-07-30 17:20:06- 404 - Erro ao acessar a rota:  
 App\exceptions\routersExceptions: A rota não existe in /var/www/html/index.php:28
Stack trace:
#0 {main}
2025-07-30 17:24:13- 404 - Erro ao acessar a rota:  
 App\exceptions\routersExceptions: A rota não existe in /var/www/html/index.php:28
Stack trace:
#0 {main}
2025-07-30 17:24:13- 404 - Erro ao acessar a rota:  
 App\exceptions\routersExceptions: A rota não existe in /var/www/html/index.php:28
Stack trace:
#0 {main}
2025-07-30 17:24:23- 404 - Erro ao acessar a rota:  
 App\exceptions\routersExceptions: A rota não existe in /var/www/html/index.php:28
Stack trace:
#0 {main}
2025-07-30 17:24:23- 404 - Erro ao acessar a rota:  
 App\exceptions\routersExceptions: A rota não existe in /var/www/html/index.php:28
Stack trace:
#0 {main}
2025-07-30 17:24:49- 404 - Erro ao acessar a rota:  
 App\exceptions\routersExceptions: A rota não existe in /var/www/html/index.php:28
Stack trace:
#0 {main}
2025-07-30 17:24:49- 404 - Erro ao acessar a rota:  
 App\exceptions\routersExceptions: A rota não existe in /var/www/html/index.php:28
Stack trace:
#0 {main}
2025-07-30 17:25:39- 404 - Erro ao acessar a rota:  
 App\exceptions\routersExceptions: A rota não existe in /var/www/html/index.php:28
Stack trace:
#0 {main}
2025-07-30 17:25:39- 404 - Erro ao acessar a rota:  
 App\exceptions\routersExceptions: A rota não existe in /var/www/html/index.php:28
Stack trace:
#0 {main}
2025-07-30 17:25:57- 404 - Erro ao acessar a rota:  
 App\exceptions\routersExceptions: A rota não existe in /var/www/html/index.php:28
Stack trace:
#0 {main}
2025-07-30 17:25:57- 404 - Erro ao acessar a rota:  
 App\exceptions\routersExceptions: A rota não existe in /var/www/html/index.php:28
Stack trace:
#0 {main}
2025-07-30 17:26:03- 404 - Erro ao acessar a rota:  
 App\exceptions\routersExceptions: A rota não existe in /var/www/html/index.php:28
Stack trace:
#0 {main}
2025-07-30 17:26:03- 404 - Erro ao acessar a rota:  
 App\exceptions\routersExceptions: A rota não existe in /var/www/html/index.php:28
Stack trace:
#0 {main}
2025-07-30 17:27:30- 404 - Erro ao acessar a rota:  
 App\exceptions\routersExceptions: A rota não existe in /var/www/html/index.php:28
Stack trace:
#0 {main}
2025-07-30 17:27:30- 404 - Erro ao acessar a rota:  
 App\exceptions\routersExceptions: A rota não existe in /var/www/html/index.php:28
Stack trace:
#0 {main}
2025-07-30 17:27:56- 404 - Erro ao acessar a rota:  
 App\exceptions\routersExceptions: A rota não existe in /var/www/html/index.php:28
Stack trace:
#0 {main}
2025-07-30 17:27:56- 404 - Erro ao acessar a rota:  
 App\exceptions\routersExceptions: A rota não existe in /var/www/html/index.php:28
Stack trace:
#0 {main}
2025-07-30 17:28:38- 404 - Erro ao acessar a rota:  
 App\exceptions\routersExceptions: A rota não existe in /var/www/html/index.php:28
Stack trace:
#0 {main}
2025-07-30 17:28:38- 404 - Erro ao acessar a rota:  
 App\exceptions\routersExceptions: A rota não existe in /var/www/html/index.php:28
Stack trace:
#0 {main}
2025-07-30 17:28:45- 404 - Erro ao acessar a rota:  
 App\exceptions\routersExceptions: A rota não existe in /var/www/html/index.php:28
Stack trace:
#0 {main}
2025-07-30 17:28:45- 404 - Erro ao acessar a rota:  
 App\exceptions\routersExceptions: A rota não existe in /var/www/html/index.php:28
Stack trace:
#0 {main}
2025-07-30 17:30:23- 404 - Erro ao acessar a rota:  
 App\exceptions\routersExceptions: A rota não existe in /var/www/html/index.php:28
Stack trace:
#0 {main}
2025-07-30 17:30:23- 404 - Erro ao acessar a rota:  
 App\exceptions\routersExceptions: A rota não existe in /var/www/html/index.php:28
Stack trace:
#0 {main}
2025-07-30 17:34:46- 404 - Erro ao acessar a rota:  
 App\exceptions\routersExceptions: A rota não existe in /var/www/html/index.php:28
Stack trace:
#0 {main}
2025-07-30 17:34:46- 404 - Erro ao acessar a rota:  
 App\exceptions\routersExceptions: A rota não existe in /var/www/html/index.php:28
Stack trace:
#0 {main}
2025-07-30 17:35:56- 404 - Erro ao acessar a rota:  
 App\exceptions\routersExceptions: A rota não existe in /var/www/html/index.php:28
Stack trace:
#0 {main}
2025-07-30 17:35:56- 404 - Erro ao acessar a rota:  
 App\exceptions\routersExceptions: A rota não existe in /var/www/html/index.php:28
Stack trace:
#0 {main}
2025-07-30 18:32:37- 404 - Erro ao acessar a rota:  
 App\exceptions\routersExceptions: A rota não existe in /var/www/html/index.php:28
Stack trace:
#0 {main}
2025-07-30 18:33:53- 404 - Erro ao acessar a rota:  
 App\exceptions\routersExceptions: A rota não existe in /var/www/html/index.php:28
Stack trace:
#0 {main}
2025-07-30 18:34:07- 404 - Erro ao acessar a rota:  
 App\exceptions\routersExceptions: A rota não existe in /var/www/html/index.php:28
Stack trace:
#0 {main}
2025-07-30 18:34:22- 404 - Erro ao acessar a rota:  
 App\exceptions\routersExceptions: A rota não existe in /var/www/html/index.php:28
Stack trace:
#0 {main}
2025-07-30 18:35:05- 404 - Erro ao acessar a rota:  
 App\exceptions\routersExceptions: A rota não existe in /var/www/html/index.php:28
Stack trace:
#0 {main}
2025-07-30 18:36:11- 404 - Erro ao acessar a rota:  
 App\exceptions\routersExceptions: A rota não existe in /var/www/html/index.php:28
Stack trace:
#0 {main}
2025-07-30 18:36:34- 404 - Erro ao acessar a rota:  
 App\exceptions\routersExceptions: A rota não existe in /var/www/html/index.php:28
Stack trace:
#0 {main}
2025-07-30 18:36:40- 404 - Erro ao acessar a rota:  
 App\exceptions\routersExceptions: A rota não existe in /var/www/html/index.php:28
Stack trace:
#0 {main}
2025-07-30 18:36:50- 404 - Erro ao acessar a rota:  
 App\exceptions\routersExceptions: A rota não existe in /var/www/html/index.php:28
Stack trace:
#0 {main}
2025-07-30 18:37:09- 404 - Erro ao acessar a rota:  
 App\exceptions\routersExceptions: A rota não existe in /var/www/html/index.php:28
Stack trace:
#0 {main}
2025-07-30 18:37:19- 404 - Erro ao acessar a rota:  
 App\exceptions\routersExceptions: A rota não existe in /var/www/html/index.php:28
Stack trace:
#0 {main}
2025-07-30 18:37:38- 404 - Erro ao acessar a rota:  
 App\exceptions\routersExceptions: A rota não existe in /var/www/html/index.php:28
Stack trace:
#0 {main}
2025-07-30 18:37:50- 404 - Erro ao acessar a rota:  
 App\exceptions\routersExceptions: A rota não existe in /var/www/html/index.php:28
Stack trace:
#0 {main}
2025-07-30 18:38:34- 404 - Erro ao acessar a rota:  
 App\exceptions\routersExceptions: A rota não existe in /var/www/html/index.php:28
Stack trace:
#0 {main}
2025-07-30 18:39:17- 404 - Erro ao acessar a rota:  
 App\exceptions\routersExceptions: A rota não existe in /var/www/html/index.php:28
Stack trace:
#0 {main}
2025-07-30 18:39:34- 404 - Erro ao acessar a rota:  
 App\exceptions\routersExceptions: A rota não existe in /var/www/html/index.php:28
Stack trace:
#0 {main}
2025-07-30 18:39:38- 404 - Erro ao acessar a rota:  
 App\exceptions\routersExceptions: A rota não existe in /var/www/html/index.php:28
Stack trace:
#0 {main}
2025-07-30 18:41:40- 404 - Erro ao acessar a rota:  
 App\exceptions\routersExceptions: A rota não existe in /var/www/html/index.php:28
Stack trace:
#0 {main}
2025-07-30 18:42:02- 404 - Erro ao acessar a rota:  
 App\exceptions\routersExceptions: A rota não existe in /var/www/html/index.php:28
Stack trace:
#0 {main}
2025-07-30 18:43:39- 404 - Erro ao acessar a rota:  
 App\exceptions\routersExceptions: A rota não existe in /var/www/html/index.php:28
Stack trace:
#0 {main}
2025-07-30 18:44:15- 404 - Erro ao acessar a rota:  
 App\exceptions\routersExceptions: A rota não existe in /var/www/html/index.php:28
Stack trace:
#0 {main}
2025-07-30 18:44:19- 404 - Erro ao acessar a rota:  
 App\exceptions\routersExceptions: A rota não existe in /var/www/html/index.php:28
Stack trace:
#0 {main}
2025-07-30 18:44:27- 404 - Erro ao acessar a rota:  
 App\exceptions\routersExceptions: A rota não existe in /var/www/html/index.php:28
Stack trace:
#0 {main}
2025-07-30 18:50:17- 404 - Erro ao acessar a rota:  
 App\exceptions\routersExceptions: A rota não existe in /var/www/html/index.php:28
Stack trace:
#0 {main}
2025-07-30 18:50:30- 404 - Erro ao acessar a rota:  
 App\exceptions\routersExceptions: A rota não existe in /var/www/html/index.php:28
Stack trace:
#0 {main}
2025-07-30 18:50:42- 404 - Erro ao acessar a rota:  
 App\exceptions\routersExceptions: A rota não existe in /var/www/html/index.php:28
Stack trace:
#0 {main}
2025-07-30 18:53:28- 404 - Erro ao acessar a rota:  
 App\exceptions\routersExceptions: A rota não existe in /var/www/html/index.php:28
Stack trace:
#0 {main}
2025-07-30 18:54:54- 404 - Erro ao acessar a rota:  
 App\exceptions\routersExceptions: A rota não existe in /var/www/html/index.php:28
Stack trace:
#0 {main}
2025-07-30 18:54:56- 404 - Erro ao acessar a rota:  
 App\exceptions\routersExceptions: A rota não existe in /var/www/html/index.php:28
Stack trace:
#0 {main}
2025-07-30 18:55:10- 404 - Erro ao acessar a rota:  
 App\exceptions\routersExceptions: A rota não existe in /var/www/html/index.php:28
Stack trace:
#0 {main}
2025-07-30 18:55:13- 404 - Erro ao acessar a rota:  
 App\exceptions\routersExceptions: A rota não existe in /var/www/html/index.php:28
Stack trace:
#0 {main}
2025-07-30 18:57:00- 404 - Erro ao acessar a rota:  
 App\exceptions\routersExceptions: A rota não existe in /var/www/html/index.php:28
Stack trace:
#0 {main}
2025-07-30 18:57:36- 404 - Erro ao acessar a rota:  
 App\exceptions\routersExceptions: A rota não existe in /var/www/html/index.php:28
Stack trace:
#0 {main}
2025-07-30 18:59:26- 404 - Erro ao acessar a rota:  
 App\exceptions\routersExceptions: A rota não existe in /var/www/html/index.php:28
Stack trace:
#0 {main}
2025-07-30 18:59:57- 404 - Erro ao acessar a rota:  
 App\exceptions\routersExceptions: A rota não existe in /var/www/html/index.php:28
Stack trace:
#0 {main}
2025-07-30 18:59:57- 404 - Erro ao acessar a rota:  
 App\exceptions\routersExceptions: A rota não existe in /var/www/html/index.php:28
Stack trace:
#0 {main}
2025-07-30 19:01:52- 404 - Erro ao acessar a rota:  
 App\exceptions\routersExceptions: A rota não existe in /var/www/html/index.php:28
Stack trace:
#0 {main}
2025-07-30 19:01:52- 404 - Erro ao acessar a rota:  
 App\exceptions\routersExceptions: A rota não existe in /var/www/html/index.php:28
Stack trace:
#0 {main}
2025-07-30 19:11:45- 404 - Erro ao acessar a rota:  
 App\exceptions\routersExceptions: A rota não existe in /var/www/html/index.php:28
Stack trace:
#0 {main}
2025-07-30 19:11:45- 404 - Erro ao acessar a rota:  
 App\exceptions\routersExceptions: A rota não existe in /var/www/html/index.php:28
Stack trace:
#0 {main}
2025-07-30 19:11:58- 404 - Erro ao acessar a rota:  
 App\exceptions\routersExceptions: A rota não existe in /var/www/html/index.php:28
Stack trace:
#0 {main}
2025-07-30 19:11:58- 404 - Erro ao acessar a rota:  
 App\exceptions\routersExceptions: A rota não existe in /var/www/html/index.php:28
Stack trace:
#0 {main}
2025-07-30 19:13:01- 404 - Erro ao acessar a rota:  
 App\exceptions\routersExceptions: A rota não existe in /var/www/html/index.php:28
Stack trace:
#0 {main}
2025-07-30 19:13:01- 404 - Erro ao acessar a rota:  
 App\exceptions\routersExceptions: A rota não existe in /var/www/html/index.php:28
Stack trace:
#0 {main}
2025-07-30 19:13:55- 404 - Erro ao acessar a rota:  
 App\exceptions\routersExceptions: A rota não existe in /var/www/html/index.php:28
Stack trace:
#0 {main}
2025-07-30 19:13:55- 404 - Erro ao acessar a rota:  
 App\exceptions\routersExceptions: A rota não existe in /var/www/html/index.php:28
Stack trace:
#0 {main}
2025-07-30 19:14:05- 404 - Erro ao acessar a rota:  
 App\exceptions\routersExceptions: A rota não existe in /var/www/html/index.php:28
Stack trace:
#0 {main}
2025-07-30 19:14:05- 404 - Erro ao acessar a rota:  
 App\exceptions\routersExceptions: A rota não existe in /var/www/html/index.php:28
Stack trace:
#0 {main}
2025-07-30 19:14:20- 404 - Erro ao acessar a rota:  
 App\exceptions\routersExceptions: A rota não existe in /var/www/html/index.php:28
Stack trace:
#0 {main}
2025-07-30 19:14:20- 404 - Erro ao acessar a rota:  
 App\exceptions\routersExceptions: A rota não existe in /var/www/html/index.php:28
Stack trace:
#0 {main}
2025-07-30 19:15:13- 404 - Erro ao acessar a rota:  
 App\exceptions\routersExceptions: A rota não existe in /var/www/html/index.php:28
Stack trace:
#0 {main}
2025-07-30 19:15:13- 404 - Erro ao acessar a rota:  
 App\exceptions\routersExceptions: A rota não existe in /var/www/html/index.php:28
Stack trace:
#0 {main}
2025-07-30 19:15:47- 404 - Erro ao acessar a rota:  
 App\exceptions\routersExceptions: A rota não existe in /var/www/html/index.php:28
Stack trace:
#0 {main}
2025-07-30 19:15:47- 404 - Erro ao acessar a rota:  
 App\exceptions\routersExceptions: A rota não existe in /var/www/html/index.php:28
Stack trace:
#0 {main}
2025-07-30 19:16:22- 404 - Erro ao acessar a rota:  
 App\exceptions\routersExceptions: A rota não existe in /var/www/html/index.php:28
Stack trace:
#0 {main}
2025-07-30 19:16:22- 404 - Erro ao acessar a rota:  
 App\exceptions\routersExceptions: A rota não existe in /var/www/html/index.php:28
Stack trace:
#0 {main}
2025-07-30 19:16:42- 404 - Erro ao acessar a rota:  
 App\exceptions\routersExceptions: A rota não existe in /var/www/html/index.php:28
Stack trace:
#0 {main}
2025-07-30 19:16:42- 404 - Erro ao acessar a rota:  
 App\exceptions\routersExceptions: A rota não existe in /var/www/html/index.php:28
Stack trace:
#0 {main}
2025-07-30 19:17:36- 404 - Erro ao acessar a rota:  
 App\exceptions\routersExceptions: A rota não existe in /var/www/html/index.php:28
Stack trace:
#0 {main}
2025-07-30 19:17:36- 404 - Erro ao acessar a rota:  
 App\exceptions\routersExceptions: A rota não existe in /var/www/html/index.php:28
Stack trace:
#0 {main}
2025-07-30 19:18:10- 404 - Erro ao acessar a rota:  
 App\exceptions\routersExceptions: A rota não existe in /var/www/html/index.php:28
Stack trace:
#0 {main}
2025-07-30 19:18:10- 404 - Erro ao acessar a rota:  
 App\exceptions\routersExceptions: A rota não existe in /var/www/html/index.php:28
Stack trace:
#0 {main}
2025-07-30 19:18:24- 404 - Erro ao acessar a rota:  
 App\exceptions\routersExceptions: A rota não existe in /var/www/html/index.php:28
Stack trace:
#0 {main}
2025-07-30 19:18:24- 404 - Erro ao acessar a rota:  
 App\exceptions\routersExceptions: A rota não existe in /var/www/html/index.php:28
Stack trace:
#0 {main}
2025-07-30 19:56:32- 404 - Erro ao acessar a rota:  
 App\exceptions\routersExceptions: A rota não existe in /var/www/html/index.php:28
Stack trace:
#0 {main}
2025-07-30 19:56:32- 404 - Erro ao acessar a rota:  
 App\exceptions\routersExceptions: A rota não existe in /var/www/html/index.php:28
Stack trace:
#0 {main}
2025-07-30 19:56:56- 404 - Erro ao acessar a rota:  
 App\exceptions\routersExceptions: A rota não existe in /var/www/html/index.php:28
Stack trace:
#0 {main}
2025-07-30 19:56:56- 404 - Erro ao acessar a rota:  
 App\exceptions\routersExceptions: A rota não existe in /var/www/html/index.php:28
Stack trace:
#0 {main}
2025-07-30 20:25:52- 404 - Erro ao acessar a rota:  
 App\exceptions\routersExceptions: A rota não existe in /var/www/html/index.php:28
Stack trace:
#0 {main}
2025-07-30 20:25:52- 404 - Erro ao acessar a rota:  
 App\exceptions\routersExceptions: A rota não existe in /var/www/html/index.php:28
Stack trace:
#0 {main}
2025-07-30 20:27:13- 404 - Erro ao acessar a rota:  
 App\exceptions\routersExceptions: A rota não existe in /var/www/html/index.php:28
Stack trace:
#0 {main}
2025-07-30 20:27:13- 404 - Erro ao acessar a rota:  
 App\exceptions\routersExceptions: A rota não existe in /var/www/html/index.php:28
Stack trace:
#0 {main}
2025-07-30 20:27:19- 404 - Erro ao acessar a rota:  
 App\exceptions\routersExceptions: A rota não existe in /var/www/html/index.php:28
Stack trace:
#0 {main}
2025-07-30 20:27:19- 404 - Erro ao acessar a rota:  
 App\exceptions\routersExceptions: A rota não existe in /var/www/html/index.php:28
Stack trace:
#0 {main}
2025-07-30 20:29:54- 404 - Erro ao acessar a rota:  
 App\exceptions\routersExceptions: A rota não existe in /var/www/html/index.php:28
Stack trace:
#0 {main}
2025-07-30 20:29:54- 404 - Erro ao acessar a rota:  
 App\exceptions\routersExceptions: A rota não existe in /var/www/html/index.php:28
Stack trace:
#0 {main}
2025-07-30 20:30:20- 404 - Erro ao acessar a rota:  
 App\exceptions\routersExceptions: A rota não existe in /var/www/html/index.php:28
Stack trace:
#0 {main}
2025-07-30 20:30:20- 404 - Erro ao acessar a rota:  
 App\exceptions\routersExceptions: A rota não existe in /var/www/html/index.php:28
Stack trace:
#0 {main}
2025-07-30 20:31:11- 404 - Erro ao acessar a rota:  
 App\exceptions\routersExceptions: A rota não existe in /var/www/html/index.php:28
Stack trace:
#0 {main}
2025-07-30 20:31:11- 404 - Erro ao acessar a rota:  
 App\exceptions\routersExceptions: A rota não existe in /var/www/html/index.php:28
Stack trace:
#0 {main}
2025-07-30 20:32:18- 404 - Erro ao acessar a rota:  
 App\exceptions\routersExceptions: A rota não existe in /var/www/html/index.php:28
Stack trace:
#0 {main}
2025-07-30 20:32:18- 404 - Erro ao acessar a rota:  
 App\exceptions\routersExceptions: A rota não existe in /var/www/html/index.php:28
Stack trace:
#0 {main}
2025-07-30 20:34:08- 404 - Erro ao acessar a rota:  
 App\exceptions\routersExceptions: A rota não existe in /var/www/html/index.php:28
Stack trace:
#0 {main}
2025-07-30 20:34:08- 404 - Erro ao acessar a rota:  
 App\exceptions\routersExceptions: A rota não existe in /var/www/html/index.php:28
Stack trace:
#0 {main}
2025-07-30 20:34:12- 404 - Erro ao acessar a rota:  
 App\exceptions\routersExceptions: A rota não existe in /var/www/html/index.php:28
Stack trace:
#0 {main}
2025-07-30 20:34:12- 404 - Erro ao acessar a rota:  
 App\exceptions\routersExceptions: A rota não existe in /var/www/html/index.php:28
Stack trace:
#0 {main}
2025-07-30 20:34:46- 404 - Erro ao acessar a rota:  
 App\exceptions\routersExceptions: A rota não existe in /var/www/html/index.php:28
Stack trace:
#0 {main}
2025-07-30 20:34:46- 404 - Erro ao acessar a rota:  
 App\exceptions\routersExceptions: A rota não existe in /var/www/html/index.php:28
Stack trace:
#0 {main}
2025-07-30 20:35:22- 404 - Erro ao acessar a rota:  
 App\exceptions\routersExceptions: A rota não existe in /var/www/html/index.php:28
Stack trace:
#0 {main}
2025-07-30 20:35:22- 404 - Erro ao acessar a rota:  
 App\exceptions\routersExceptions: A rota não existe in /var/www/html/index.php:28
Stack trace:
#0 {main}
2025-07-30 20:48:25- 404 - Erro ao acessar a rota:  
 App\exceptions\routersExceptions: A rota não existe in /var/www/html/index.php:28
Stack trace:
#0 {main}
2025-07-30 20:48:26- 404 - Erro ao acessar a rota:  
 App\exceptions\routersExceptions: A rota não existe in /var/www/html/index.php:28
Stack trace:
#0 {main}
2025-07-30 20:51:25- 404 - Erro ao acessar a rota:  
 App\exceptions\routersExceptions: A rota não existe in /var/www/html/index.php:28
Stack trace:
#0 {main}
2025-07-30 20:51:25- 404 - Erro ao acessar a rota:  
 App\exceptions\routersExceptions: A rota não existe in /var/www/html/index.php:28
Stack trace:
#0 {main}
2025-07-30 20:52:28- 404 - Erro ao acessar a rota:  
 App\exceptions\routersExceptions: A rota não existe in /var/www/html/index.php:28
Stack trace:
#0 {main}
2025-07-30 20:52:28- 404 - Erro ao acessar a rota:  
 App\exceptions\routersExceptions: A rota não existe in /var/www/html/index.php:28
Stack trace:
#0 {main}
2025-07-30 20:53:10- 404 - Erro ao acessar a rota:  
 App\exceptions\routersExceptions: A rota não existe in /var/www/html/index.php:28
Stack trace:
#0 {main}
2025-07-30 20:53:10- 404 - Erro ao acessar a rota:  
 App\exceptions\routersExceptions: A rota não existe in /var/www/html/index.php:28
Stack trace:
#0 {main}
2025-07-30 20:53:39- 404 - Erro ao acessar a rota:  
 App\exceptions\routersExceptions: A rota não existe in /var/www/html/index.php:28
Stack trace:
#0 {main}
2025-07-30 20:53:39- 404 - Erro ao acessar a rota:  
 App\exceptions\routersExceptions: A rota não existe in /var/www/html/index.php:28
Stack trace:
#0 {main}
2025-07-30 20:55:44- 404 - Erro ao acessar a rota:  
 App\exceptions\routersExceptions: A rota não existe in /var/www/html/index.php:28
Stack trace:
#0 {main}
2025-07-30 20:55:45- 404 - Erro ao acessar a rota:  
 App\exceptions\routersExceptions: A rota não existe in /var/www/html/index.php:28
Stack trace:
#0 {main}
2025-07-30 20:56:45- 404 - Erro ao acessar a rota:  
 App\exceptions\routersExceptions: A rota não existe in /var/www/html/index.php:28
Stack trace:
#0 {main}
2025-07-30 20:56:45- 404 - Erro ao acessar a rota:  
 App\exceptions\routersExceptions: A rota não existe in /var/www/html/index.php:28
Stack trace:
#0 {main}
2025-07-30 20:57:29- 404 - Erro ao acessar a rota:  
 App\exceptions\routersExceptions: A rota não existe in /var/www/html/index.php:28
Stack trace:
#0 {main}
2025-07-30 20:57:29- 404 - Erro ao acessar a rota:  
 App\exceptions\routersExceptions: A rota não existe in /var/www/html/index.php:28
Stack trace:
#0 {main}
2025-07-30 21:10:56- 404 - Erro ao acessar a rota:  
 App\exceptions\routersExceptions: A rota não existe in /var/www/html/index.php:28
Stack trace:
#0 {main}
2025-07-30 21:10:56- 404 - Erro ao acessar a rota:  
 App\exceptions\routersExceptions: A rota não existe in /var/www/html/index.php:28
Stack trace:
#0 {main}
2025-07-30 21:10:56- 404 - Erro ao acessar a rota:  
 App\exceptions\routersExceptions: A rota não existe in /var/www/html/index.php:28
Stack trace:
#0 {main}
2025-07-30 21:11:01- 404 - Erro ao acessar a rota:  
 App\exceptions\routersExceptions: A rota não existe in /var/www/html/index.php:28
Stack trace:
#0 {main}
2025-07-30 21:11:01- 404 - Erro ao acessar a rota:  
 App\exceptions\routersExceptions: A rota não existe in /var/www/html/index.php:28
Stack trace:
#0 {main}
2025-07-30 21:30:24- 404 - Erro ao acessar a rota:  
 App\exceptions\routersExceptions: A rota não existe in /var/www/html/index.php:28
Stack trace:
#0 {main}
2025-07-30 21:30:24- 404 - Erro ao acessar a rota:  
 App\exceptions\routersExceptions: A rota não existe in /var/www/html/index.php:28
Stack trace:
#0 {main}
2025-07-30 21:45:20- 404 - Erro ao acessar a rota:  
 App\exceptions\routersExceptions: A rota não existe in /var/www/html/index.php:28
Stack trace:
#0 {main}
2025-07-30 21:45:20- 404 - Erro ao acessar a rota:  
 App\exceptions\routersExceptions: A rota não existe in /var/www/html/index.php:28
Stack trace:
#0 {main}
2025-07-30 21:50:40- 404 - Erro ao acessar a rota:  
 App\exceptions\routersExceptions: A rota não existe in /var/www/html/index.php:28
Stack trace:
#0 {main}
2025-07-30 21:50:40- 404 - Erro ao acessar a rota:  
 App\exceptions\routersExceptions: A rota não existe in /var/www/html/index.php:28
Stack trace:
#0 {main}
2025-07-30 21:50:41- 404 - Erro ao acessar a rota:  
 App\exceptions\routersExceptions: A rota não existe in /var/www/html/index.php:28
Stack trace:
#0 {main}
2025-07-30 21:51:43- 404 - Erro ao acessar a rota:  
 App\exceptions\routersExceptions: A rota não existe in /var/www/html/index.php:28
Stack trace:
#0 {main}
2025-07-30 21:51:43- 404 - Erro ao acessar a rota:  
 App\exceptions\routersExceptions: A rota não existe in /var/www/html/index.php:28
Stack trace:
#0 {main}
2025-07-30 21:52:02- 404 - Erro ao acessar a rota:  
 App\exceptions\routersExceptions: A rota não existe in /var/www/html/index.php:28
Stack trace:
#0 {main}
2025-07-30 21:52:02- 404 - Erro ao acessar a rota:  
 App\exceptions\routersExceptions: A rota não existe in /var/www/html/index.php:28
Stack trace:
#0 {main}
2025-07-30 21:52:05- 404 - Erro ao acessar a rota:  
 App\exceptions\routersExceptions: A rota não existe in /var/www/html/index.php:28
Stack trace:
#0 {main}
2025-07-30 21:52:08- 404 - Erro ao acessar a rota:  
 App\exceptions\routersExceptions: A rota não existe in /var/www/html/index.php:28
Stack trace:
#0 {main}
2025-07-30 21:52:45- 404 - Erro ao acessar a rota:  
 App\exceptions\routersExceptions: A rota não existe in /var/www/html/index.php:28
Stack trace:
#0 {main}
2025-07-30 21:53:22- 404 - Erro ao acessar a rota:  
 App\exceptions\routersExceptions: A rota não existe in /var/www/html/index.php:28
Stack trace:
#0 {main}
2025-07-30 21:53:22- 404 - Erro ao acessar a rota:  
 App\exceptions\routersExceptions: A rota não existe in /var/www/html/index.php:28
Stack trace:
#0 {main}
2025-07-30 21:53:23- 404 - Erro ao acessar a rota:  
 App\exceptions\routersExceptions: A rota não existe in /var/www/html/index.php:28
Stack trace:
#0 {main}
2025-07-30 21:55:15- 404 - Erro ao acessar a rota:  
 App\exceptions\routersExceptions: A rota não existe in /var/www/html/index.php:28
Stack trace:
#0 {main}
2025-07-30 21:56:41- 404 - Erro ao acessar a rota:  
 App\exceptions\routersExceptions: A rota não existe in /var/www/html/index.php:28
Stack trace:
#0 {main}
2025-07-30 21:56:41- 404 - Erro ao acessar a rota:  
 App\exceptions\routersExceptions: A rota não existe in /var/www/html/index.php:28
Stack trace:
#0 {main}
2025-07-30 21:56:43- 404 - Erro ao acessar a rota:  
 App\exceptions\routersExceptions: A rota não existe in /var/www/html/index.php:28
Stack trace:
#0 {main}
2025-07-30 22:00:51- 404 - Erro ao acessar a rota:  
 App\exceptions\routersExceptions: A rota não existe in /var/www/html/index.php:28
Stack trace:
#0 {main}
2025-07-30 22:00:51- 404 - Erro ao acessar a rota:  
 App\exceptions\routersExceptions: A rota não existe in /var/www/html/index.php:28
Stack trace:
#0 {main}
2025-07-30 22:00:52- 404 - Erro ao acessar a rota:  
 App\exceptions\routersExceptions: A rota não existe in /var/www/html/index.php:28
Stack trace:
#0 {main}
2025-07-30 22:03:05- 404 - Erro ao acessar a rota:  
 App\exceptions\routersExceptions: A rota não existe in /var/www/html/index.php:28
Stack trace:
#0 {main}
2025-07-30 22:03:05- 404 - Erro ao acessar a rota:  
 App\exceptions\routersExceptions: A rota não existe in /var/www/html/index.php:28
Stack trace:
#0 {main}
2025-07-30 22:03:06- 404 - Erro ao acessar a rota:  
 App\exceptions\routersExceptions: A rota não existe in /var/www/html/index.php:28
Stack trace:
#0 {main}
2025-07-30 22:04:42- 404 - Erro ao acessar a rota:  
 A rota não existe
2025-07-30 22:06:45 - Código: 404 - Mensagem: Erro ao acessar a rota: 
Exceção Anterior: App\exceptions\routersExceptions
Mensagem: A rota não existe
Arquivo: /var/www/html/index.php:28
Stack trace:
#0 {main}
===============================

2025-07-30 22:08:12- 404 - Erro ao acessar a rota:  
 App\exceptions\routersExceptions: A rota não existe in /var/www/html/index.php:28
Stack trace:
#0 {main} #0 {main}
2025-07-30 22:10:24- 404 - Erro ao acessar a rota:  
 App\exceptions\routersExceptions: A rota não existe in /var/www/html/index.php:28
Stack trace:
#0 {main}
2025-07-30 22:10:24- 404 - Erro ao acessar a rota:  
 App\exceptions\routersExceptions: A rota não existe in /var/www/html/index.php:28
Stack trace:
#0 {main}
2025-07-30 22:10:24- 404 - Erro ao acessar a rota:  
 App\exceptions\routersExceptions: A rota não existe in /var/www/html/index.php:28
Stack trace:
#0 {main}
2025-07-30 22:10:35- 404 - Erro ao acessar a rota:  
 App\exceptions\routersExceptions: A rota não existe in /var/www/html/index.php:28
Stack trace:
#0 {main}
2025-07-30 22:10:35- 404 - Erro ao acessar a rota:  
 App\exceptions\routersExceptions: A rota não existe in /var/www/html/index.php:28
Stack trace:
#0 {main}
2025-07-30 22:12:01- 404 - Erro ao acessar a rota:  
 App\exceptions\routersExceptions: A rota não existe in /var/www/html/index.php:28
Stack trace:
#0 {main}
2025-07-30 22:12:01- 404 - Erro ao acessar a rota:  
 App\exceptions\routersExceptions: A rota não existe in /var/www/html/index.php:28
Stack trace:
#0 {main}
2025-07-30 22:12:42- 404 - Erro ao acessar a rota:  
 App\exceptions\routersExceptions: A rota não existe in /var/www/html/index.php:28
Stack trace:
#0 {main}
2025-07-30 22:12:42- 404 - Erro ao acessar a rota:  
 App\exceptions\routersExceptions: A rota não existe in /var/www/html/index.php:28
Stack trace:
#0 {main}
2025-07-30 22:16:42- 404 - Erro ao acessar a rota:  
 App\exceptions\routersExceptions: A rota não existe in /var/www/html/index.php:28
Stack trace:
#0 {main}
2025-07-30 22:16:42- 404 - Erro ao acessar a rota:  
 App\exceptions\routersExceptions: A rota não existe in /var/www/html/index.php:28
Stack trace:
#0 {main}
2025-07-30 22:18:00- 404 - Erro ao acessar a rota:  
 App\exceptions\routersExceptions: A rota não existe in /var/www/html/index.php:28
Stack trace:
#0 {main}
2025-07-30 22:18:00- 404 - Erro ao acessar a rota:  
 App\exceptions\routersExceptions: A rota não existe in /var/www/html/index.php:28
Stack trace:
#0 {main}
2025-07-30 22:21:12- 404 - Erro ao acessar a rota:  
 App\exceptions\routersExceptions: A rota não existe in /var/www/html/index.php:28
Stack trace:
#0 {main}
2025-07-30 22:21:12- 404 - Erro ao acessar a rota:  
 App\exceptions\routersExceptions: A rota não existe in /var/www/html/index.php:28
Stack trace:
#0 {main}
2025-07-30 22:22:29- 404 - Erro ao acessar a rota:  
 App\exceptions\routersExceptions: A rota não existe in /var/www/html/index.php:28
Stack trace:
#0 {main}
2025-07-30 22:22:29- 404 - Erro ao acessar a rota:  
 App\exceptions\routersExceptions: A rota não existe in /var/www/html/index.php:28
Stack trace:
#0 {main}
2025-07-30 22:22:41- 404 - Erro ao acessar a rota:  
 App\exceptions\routersExceptions: A rota não existe in /var/www/html/index.php:28
Stack trace:
#0 {main}
2025-07-30 22:22:41- 404 - Erro ao acessar a rota:  
 App\exceptions\routersExceptions: A rota não existe in /var/www/html/index.php:28
Stack trace:
#0 {main}
2025-07-30 22:24:34- 404 - Erro ao acessar a rota:  
 App\exceptions\routersExceptions: A rota não existe in /var/www/html/index.php:28
Stack trace:
#0 {main}
2025-07-30 22:24:34- 404 - Erro ao acessar a rota:  
 App\exceptions\routersExceptions: A rota não existe in /var/www/html/index.php:28
Stack trace:
#0 {main}
2025-07-30 22:24:58- 404 - Erro ao acessar a rota:  
 App\exceptions\routersExceptions: A rota não existe in /var/www/html/index.php:28
Stack trace:
#0 {main}
2025-07-30 22:24:58- 404 - Erro ao acessar a rota:  
 App\exceptions\routersExceptions: A rota não existe in /var/www/html/index.php:28
Stack trace:
#0 {main}
2025-07-30 22:25:50- 404 - Erro ao acessar a rota:  
 App\exceptions\routersExceptions: A rota não existe in /var/www/html/index.php:28
Stack trace:
#0 {main}
2025-07-30 22:25:50- 404 - Erro ao acessar a rota:  
 App\exceptions\routersExceptions: A rota não existe in /var/www/html/index.php:28
Stack trace:
#0 {main}
2025-07-30 22:27:36- 404 - Erro ao acessar a rota:  
 App\exceptions\routersExceptions: A rota não existe in /var/www/html/index.php:28
Stack trace:
#0 {main}
2025-07-30 22:27:36- 404 - Erro ao acessar a rota:  
 App\exceptions\routersExceptions: A rota não existe in /var/www/html/index.php:28
Stack trace:
#0 {main}
2025-07-30 22:30:20- 404 - Erro ao acessar a rota:  
 App\exceptions\routersExceptions: A rota não existe in /var/www/html/index.php:28
Stack trace:
#0 {main}
2025-07-30 22:30:20- 404 - Erro ao acessar a rota:  
 App\exceptions\routersExceptions: A rota não existe in /var/www/html/index.php:28
Stack trace:
#0 {main}
2025-07-30 22:32:04- 404 - Erro ao acessar a rota:  
 App\exceptions\routersExceptions: A rota não existe in /var/www/html/index.php:28
Stack trace:
#0 {main}
2025-07-30 22:32:04- 404 - Erro ao acessar a rota:  
 App\exceptions\routersExceptions: A rota não existe in /var/www/html/index.php:28
Stack trace:
#0 {main}
2025-07-30 22:33:02- 404 - Erro ao acessar a rota:  
 App\exceptions\routersExceptions: A rota não existe in /var/www/html/index.php:28
Stack trace:
#0 {main}
2025-07-30 22:33:02- 404 - Erro ao acessar a rota:  
 App\exceptions\routersExceptions: A rota não existe in /var/www/html/index.php:28
Stack trace:
#0 {main}
2025-07-30 22:33:26- 404 - Erro ao acessar a rota:  
 App\exceptions\routersExceptions: A rota não existe in /var/www/html/index.php:28
Stack trace:
#0 {main}
2025-07-30 22:33:26- 404 - Erro ao acessar a rota:  
 App\exceptions\routersExceptions: A rota não existe in /var/www/html/index.php:28
Stack trace:
#0 {main}
2025-07-30 22:34:19- 404 - Erro ao acessar a rota:  
 App\exceptions\routersExceptions: A rota não existe in /var/www/html/index.php:28
Stack trace:
#0 {main}
2025-07-30 22:34:19- 404 - Erro ao acessar a rota:  
 App\exceptions\routersExceptions: A rota não existe in /var/www/html/index.php:28
Stack trace:
#0 {main}
2025-07-30 22:35:59- 404 - Erro ao acessar a rota:  
 App\exceptions\routersExceptions: A rota não existe in /var/www/html/index.php:28
Stack trace:
#0 {main}
2025-07-30 22:35:59- 404 - Erro ao acessar a rota:  
 App\exceptions\routersExceptions: A rota não existe in /var/www/html/index.php:28
Stack trace:
#0 {main}
2025-07-30 22:36:39- 404 - Erro ao acessar a rota:  
 App\exceptions\routersExceptions: A rota não existe in /var/www/html/index.php:28
Stack trace:
#0 {main}
2025-07-30 22:36:39- 404 - Erro ao acessar a rota:  
 App\exceptions\routersExceptions: A rota não existe in /var/www/html/index.php:28
Stack trace:
#0 {main}
2025-07-30 22:37:28- 404 - Erro ao acessar a rota:  
 App\exceptions\routersExceptions: A rota não existe in /var/www/html/index.php:28
Stack trace:
#0 {main}
2025-07-30 22:37:28- 404 - Erro ao acessar a rota:  
 App\exceptions\routersExceptions: A rota não existe in /var/www/html/index.php:28
Stack trace:
#0 {main}
2025-07-30 22:39:48- 404 - Erro ao acessar a rota:  
 App\exceptions\routersExceptions: A rota não existe in /var/www/html/index.php:28
Stack trace:
#0 {main}
2025-07-30 22:39:48- 404 - Erro ao acessar a rota:  
 App\exceptions\routersExceptions: A rota não existe in /var/www/html/index.php:28
Stack trace:
#0 {main}
2025-07-30 22:40:06- 404 - Erro ao acessar a rota:  
 App\exceptions\routersExceptions: A rota não existe in /var/www/html/index.php:28
Stack trace:
#0 {main}
2025-07-30 22:40:06- 404 - Erro ao acessar a rota:  
 App\exceptions\routersExceptions: A rota não existe in /var/www/html/index.php:28
Stack trace:
#0 {main}
2025-07-30 22:40:36- 404 - Erro ao acessar a rota:  
 App\exceptions\routersExceptions: A rota não existe in /var/www/html/index.php:28
Stack trace:
#0 {main}
2025-07-30 22:40:36- 404 - Erro ao acessar a rota:  
 App\exceptions\routersExceptions: A rota não existe in /var/www/html/index.php:28
Stack trace:
#0 {main}
2025-07-30 22:40:55- 404 - Erro ao acessar a rota:  
 App\exceptions\routersExceptions: A rota não existe in /var/www/html/index.php:28
Stack trace:
#0 {main}
2025-07-30 22:40:55- 404 - Erro ao acessar a rota:  
 App\exceptions\routersExceptions: A rota não existe in /var/www/html/index.php:28
Stack trace:
#0 {main}
2025-07-30 22:41:08- 404 - Erro ao acessar a rota:  
 App\exceptions\routersExceptions: A rota não existe in /var/www/html/index.php:28
Stack trace:
#0 {main}
2025-07-30 22:41:08- 404 - Erro ao acessar a rota:  
 App\exceptions\routersExceptions: A rota não existe in /var/www/html/index.php:28
Stack trace:
#0 {main}
2025-07-30 22:41:19- 404 - Erro ao acessar a rota:  
 App\exceptions\routersExceptions: A rota não existe in /var/www/html/index.php:28
Stack trace:
#0 {main}
2025-07-30 22:41:19- 404 - Erro ao acessar a rota:  
 App\exceptions\routersExceptions: A rota não existe in /var/www/html/index.php:28
Stack trace:
#0 {main}
2025-07-30 22:41:40- 404 - Erro ao acessar a rota:  
 App\exceptions\routersExceptions: A rota não existe in /var/www/html/index.php:28
Stack trace:
#0 {main}
2025-07-30 22:41:40- 404 - Erro ao acessar a rota:  
 App\exceptions\routersExceptions: A rota não existe in /var/www/html/index.php:28
Stack trace:
#0 {main}