
2025-07-25 19:19:30- 404 - Erro ao acessar a rota:  
 App\exceptions\routersExceptions: A rota não existe in /var/www/html/index.php:28
Stack trace:
#0 {main}
2025-07-25 19:19:35- 404 - Erro ao acessar a rota:  
 App\exceptions\routersExceptions: A rota não existe in /var/www/html/index.php:28
Stack trace:
#0 {main}
2025-07-25 19:21:13- 404 - Erro ao acessar a rota:  
 App\exceptions\routersExceptions: A rota não existe in /var/www/html/index.php:28
Stack trace:
#0 {main} A rota não existe
2025-07-25 19:21:13- 404 - Erro ao acessar a rota:  
 App\exceptions\routersExceptions: A rota não existe in /var/www/html/index.php:28
Stack trace:
#0 {main} A rota não existe
2025-07-25 19:21:16- 404 - Erro ao acessar a rota:  
 App\exceptions\routersExceptions: A rota não existe in /var/www/html/index.php:28
Stack trace:
#0 {main} A rota não existe
2025-07-25 19:23:51- 404 - Erro ao acessar a rota:  
 App\exceptions\routersExceptions: A rota não existe in /var/www/html/index.php:28
Stack trace:
#0 {main}
2025-07-25 19:23:56- 404 - Erro ao acessar a rota:  
 App\exceptions\routersExceptions: A rota não existe in /var/www/html/index.php:28
Stack trace:
#0 {main}
2025-07-25 19:24:51- 404 - Erro ao acessar a conta:  
 App\exceptions\invalidParametersAuthException: Não há uma conta atrelada a esse CPF. in /var/www/html/app/controllers/AuthController.php:68
Stack trace:
#0 /var/www/html/App/routers/router.php(23): App\controllers\AuthController->logar(Object(stdClass))
#1 /var/www/html/App/routers/router.php(43): App\exceptions\load('AuthController', 'logar')
#2 /var/www/html/index.php(32): App\exceptions\{closure}()
#3 {main}
2025-07-25 19:24:51- 404 - Erro ao acessar a rota:  
 App\exceptions\routersExceptions: A rota não existe in /var/www/html/index.php:28
Stack trace:
#0 {main}
2025-07-25 19:25:23- 404 - Erro ao acessar a conta:  
 App\exceptions\invalidParametersAuthException: Não há uma conta atrelada a esse CPF. in /var/www/html/app/controllers/AuthController.php:68
Stack trace:
#0 /var/www/html/App/routers/router.php(23): App\controllers\AuthController->logar(Object(stdClass))
#1 /var/www/html/App/routers/router.php(43): App\exceptions\load('AuthController', 'logar')
#2 /var/www/html/index.php(32): App\exceptions\{closure}()
#3 {main}
2025-07-25 19:25:23- 404 - Erro ao acessar a rota:  
 App\exceptions\routersExceptions: A rota não existe in /var/www/html/index.php:28
Stack trace:
#0 {main}
2025-07-25 19:25:31- 404 - Erro ao acessar a conta:  
 App\exceptions\invalidParametersAuthException: Não há uma conta atrelada a esse CPF. in /var/www/html/app/controllers/AuthController.php:70
Stack trace:
#0 /var/www/html/App/routers/router.php(23): App\controllers\AuthController->logar(Object(stdClass))
#1 /var/www/html/App/routers/router.php(43): App\exceptions\load('AuthController', 'logar')
#2 /var/www/html/index.php(32): App\exceptions\{closure}()
#3 {main}
2025-07-25 19:25:31- 404 - Erro ao acessar a rota:  
 App\exceptions\routersExceptions: A rota não existe in /var/www/html/index.php:28
Stack trace:
#0 {main}
2025-07-25 19:25:47- 404 - Erro ao acessar a conta:  
 App\exceptions\invalidParametersAuthException: Não há uma conta atrelada a esse CPF. in /var/www/html/app/controllers/AuthController.php:68
Stack trace:
#0 /var/www/html/App/routers/router.php(23): App\controllers\AuthController->logar(Object(stdClass))
#1 /var/www/html/App/routers/router.php(43): App\exceptions\load('AuthController', 'logar')
#2 /var/www/html/index.php(32): App\exceptions\{closure}()
#3 {main}
2025-07-25 19:25:47- 404 - Erro ao acessar a rota:  
 App\exceptions\routersExceptions: A rota não existe in /var/www/html/index.php:28
Stack trace:
#0 {main}
2025-07-25 19:25:55- 404 - Erro ao acessar a rota:  
 App\exceptions\routersExceptions: A rota não existe in /var/www/html/index.php:28
Stack trace:
#0 {main}
2025-07-25 19:26:06- 404 - Erro ao acessar a conta:  
 App\exceptions\invalidParametersAuthException: Já existe conta com esse CPF in /var/www/html/app/controllers/AuthController.php:34
Stack trace:
#0 /var/www/html/App/routers/router.php(23): App\controllers\AuthController->criarConta(Object(stdClass))
#1 /var/www/html/App/routers/router.php(46): App\exceptions\load('AuthController', 'criarConta')
#2 /var/www/html/index.php(32): App\exceptions\{closure}()
#3 {main}
2025-07-25 19:26:07- 404 - Erro ao acessar a rota:  
 App\exceptions\routersExceptions: A rota não existe in /var/www/html/index.php:28
Stack trace:
#0 {main}
2025-07-25 19:26:41- 404 - Erro ao acessar a conta:  
 App\exceptions\invalidParametersAuthException: Já existe conta com esse CPF in /var/www/html/app/controllers/AuthController.php:34
Stack trace:
#0 /var/www/html/App/routers/router.php(23): App\controllers\AuthController->criarConta(Object(stdClass))
#1 /var/www/html/App/routers/router.php(46): App\exceptions\load('AuthController', 'criarConta')
#2 /var/www/html/index.php(32): App\exceptions\{closure}()
#3 {main}
2025-07-25 19:26:41- 404 - Erro ao acessar a rota:  
 App\exceptions\routersExceptions: A rota não existe in /var/www/html/index.php:28
Stack trace:
#0 {main}
2025-07-25 19:26:55- 404 - Erro ao acessar a rota:  
 App\exceptions\routersExceptions: A rota não existe in /var/www/html/index.php:28
Stack trace:
#0 {main}
2025-07-25 19:27:00- 404 - Erro ao acessar a rota:  
 App\exceptions\routersExceptions: A rota não existe in /var/www/html/index.php:28
Stack trace:
#0 {main}
2025-07-25 19:27:13- 404 - Erro ao acessar a conta:  
 App\exceptions\invalidParametersAuthException: Já existe conta com esse CPF in /var/www/html/app/controllers/AuthController.php:34
Stack trace:
#0 /var/www/html/App/routers/router.php(23): App\controllers\AuthController->criarConta(Object(stdClass))
#1 /var/www/html/App/routers/router.php(46): App\exceptions\load('AuthController', 'criarConta')
#2 /var/www/html/index.php(32): App\exceptions\{closure}()
#3 {main}
2025-07-25 19:27:13- 404 - Erro ao acessar a rota:  
 App\exceptions\routersExceptions: A rota não existe in /var/www/html/index.php:28
Stack trace:
#0 {main}
2025-07-25 19:27:19- 404 - Erro ao acessar a conta:  
 App\exceptions\invalidParametersAuthException: Já existe conta com esse CPF in /var/www/html/app/controllers/AuthController.php:34
Stack trace:
#0 /var/www/html/App/routers/router.php(23): App\controllers\AuthController->criarConta(Object(stdClass))
#1 /var/www/html/App/routers/router.php(46): App\exceptions\load('AuthController', 'criarConta')
#2 /var/www/html/index.php(32): App\exceptions\{closure}()
#3 {main}
2025-07-25 19:27:19- 404 - Erro ao acessar a rota:  
 App\exceptions\routersExceptions: A rota não existe in /var/www/html/index.php:28
Stack trace:
#0 {main}
2025-07-25 19:27:37- 404 - Erro ao acessar a rota:  
 App\exceptions\routersExceptions: A rota não existe in /var/www/html/index.php:28
Stack trace:
#0 {main}
2025-07-25 19:27:41- 404 - Erro ao acessar a rota:  
 App\exceptions\routersExceptions: A rota não existe in /var/www/html/index.php:28
Stack trace:
#0 {main}
2025-07-25 19:27:46- 404 - Erro ao acessar a rota:  
 App\exceptions\routersExceptions: A rota não existe in /var/www/html/index.php:28
Stack trace:
#0 {main}
2025-07-25 19:28:11- 404 - Erro ao acessar a rota:  
 App\exceptions\routersExceptions: A rota não existe in /var/www/html/index.php:28
Stack trace:
#0 {main}
2025-07-25 19:28:20- 404 - Erro ao acessar a rota:  
 App\exceptions\routersExceptions: A rota não existe in /var/www/html/index.php:28
Stack trace:
#0 {main}
2025-07-25 19:28:31- 404 - Erro ao acessar a rota:  
 App\exceptions\routersExceptions: A rota não existe in /var/www/html/index.php:28
Stack trace:
#0 {main}
2025-07-25 19:28:31- 404 - Erro ao acessar a rota:  
 App\exceptions\routersExceptions: A rota não existe in /var/www/html/index.php:28
Stack trace:
#0 {main}
2025-07-25 19:28:36- 404 - Erro ao acessar a rota:  
 App\exceptions\routersExceptions: A rota não existe in /var/www/html/index.php:28
Stack trace:
#0 {main}
2025-07-25 19:28:36- 404 - Erro ao acessar a rota:  
 App\exceptions\routersExceptions: A rota não existe in /var/www/html/index.php:28
Stack trace:
#0 {main}
2025-07-25 19:28:37- 404 - Erro ao acessar a rota:  
 App\exceptions\routersExceptions: A rota não existe in /var/www/html/index.php:28
Stack trace:
#0 {main}
2025-07-25 19:28:37- 404 - Erro ao acessar a rota:  
 App\exceptions\routersExceptions: A rota não existe in /var/www/html/index.php:28
Stack trace:
#0 {main}
2025-07-25 19:33:23- 404 - Erro ao acessar a rota:  
 App\exceptions\routersExceptions: A rota não existe in /var/www/html/index.php:28
Stack trace:
#0 {main}
2025-07-25 19:33:23- 404 - Erro ao acessar a rota:  
 App\exceptions\routersExceptions: A rota não existe in /var/www/html/index.php:28
Stack trace:
#0 {main}
2025-07-25 19:33:51- 404 - Erro ao acessar a rota:  
 App\exceptions\routersExceptions: A rota não existe in /var/www/html/index.php:28
Stack trace:
#0 {main}
2025-07-25 19:33:51- 404 - Erro ao acessar a rota:  
 App\exceptions\routersExceptions: A rota não existe in /var/www/html/index.php:28
Stack trace:
#0 {main}
2025-07-25 19:33:59- 404 - Erro ao acessar a rota:  
 App\exceptions\routersExceptions: A rota não existe in /var/www/html/index.php:28
Stack trace:
#0 {main}
2025-07-25 19:33:59- 404 - Erro ao acessar a rota:  
 App\exceptions\routersExceptions: A rota não existe in /var/www/html/index.php:28
Stack trace:
#0 {main}
2025-07-25 19:34:17- 404 - Erro ao acessar a rota:  
 App\exceptions\routersExceptions: A rota não existe in /var/www/html/index.php:28
Stack trace:
#0 {main}
2025-07-25 19:34:17- 404 - Erro ao acessar a rota:  
 App\exceptions\routersExceptions: A rota não existe in /var/www/html/index.php:28
Stack trace:
#0 {main}
2025-07-25 19:34:35- 404 - Erro ao acessar a rota:  
 App\exceptions\routersExceptions: A rota não existe in /var/www/html/index.php:28
Stack trace:
#0 {main}
2025-07-25 19:34:35- 404 - Erro ao acessar a rota:  
 App\exceptions\routersExceptions: A rota não existe in /var/www/html/index.php:28
Stack trace:
#0 {main}
2025-07-25 19:34:58- 404 - Erro ao acessar a rota:  
 App\exceptions\routersExceptions: A rota não existe in /var/www/html/index.php:28
Stack trace:
#0 {main}
2025-07-25 19:34:58- 404 - Erro ao acessar a rota:  
 App\exceptions\routersExceptions: A rota não existe in /var/www/html/index.php:28
Stack trace:
#0 {main}
2025-07-25 19:35:45- 404 - Erro ao acessar a rota:  
 App\exceptions\routersExceptions: A rota não existe in /var/www/html/index.php:28
Stack trace:
#0 {main}
2025-07-25 19:35:45- 404 - Erro ao acessar a rota:  
 App\exceptions\routersExceptions: A rota não existe in /var/www/html/index.php:28
Stack trace:
#0 {main}
2025-07-25 19:36:09- 404 - Erro ao acessar a rota:  
 App\exceptions\routersExceptions: A rota não existe in /var/www/html/index.php:28
Stack trace:
#0 {main}
2025-07-25 19:36:09- 404 - Erro ao acessar a rota:  
 App\exceptions\routersExceptions: A rota não existe in /var/www/html/index.php:28
Stack trace:
#0 {main}
2025-07-25 19:36:26- 404 - Erro ao acessar a rota:  
 App\exceptions\routersExceptions: A rota não existe in /var/www/html/index.php:28
Stack trace:
#0 {main}
2025-07-25 19:36:26- 404 - Erro ao acessar a rota:  
 App\exceptions\routersExceptions: A rota não existe in /var/www/html/index.php:28
Stack trace:
#0 {main}
2025-07-25 19:36:31- 404 - Erro ao acessar a rota:  
 App\exceptions\routersExceptions: A rota não existe in /var/www/html/index.php:28
Stack trace:
#0 {main}
2025-07-25 19:36:31- 404 - Erro ao acessar a rota:  
 App\exceptions\routersExceptions: A rota não existe in /var/www/html/index.php:28
Stack trace:
#0 {main}
2025-07-25 19:36:31- 404 - Erro ao acessar a rota:  
 App\exceptions\routersExceptions: A rota não existe in /var/www/html/index.php:28
Stack trace:
#0 {main}
2025-07-25 19:36:33- 404 - Erro ao acessar a rota:  
 App\exceptions\routersExceptions: A rota não existe in /var/www/html/index.php:28
Stack trace:
#0 {main}
2025-07-25 19:36:33- 404 - Erro ao acessar a rota:  
 App\exceptions\routersExceptions: A rota não existe in /var/www/html/index.php:28
Stack trace:
#0 {main}
2025-07-25 19:50:55- 404 - Erro ao acessar a rota:  
 App\exceptions\routersExceptions: A rota não existe in /var/www/html/index.php:28
Stack trace:
#0 {main}
2025-07-25 19:50:55- 404 - Erro ao acessar a rota:  
 App\exceptions\routersExceptions: A rota não existe in /var/www/html/index.php:28
Stack trace:
#0 {main}
2025-07-25 19:50:55- 404 - Erro ao acessar a rota:  
 App\exceptions\routersExceptions: A rota não existe in /var/www/html/index.php:28
Stack trace:
#0 {main}
2025-07-25 19:51:00- 404 - Erro ao acessar a rota:  
 App\exceptions\routersExceptions: A rota não existe in /var/www/html/index.php:28
Stack trace:
#0 {main}
2025-07-25 19:51:00- 404 - Erro ao acessar a rota:  
 App\exceptions\routersExceptions: A rota não existe in /var/www/html/index.php:28
Stack trace:
#0 {main}
2025-07-25 19:51:09- 404 - Erro ao acessar a rota:  
 App\exceptions\routersExceptions: A rota não existe in /var/www/html/index.php:28
Stack trace:
#0 {main}
2025-07-25 19:51:09- 404 - Erro ao acessar a rota:  
 App\exceptions\routersExceptions: A rota não existe in /var/www/html/index.php:28
Stack trace:
#0 {main}
2025-07-25 19:51:10- 404 - Erro ao acessar a rota:  
 App\exceptions\routersExceptions: A rota não existe in /var/www/html/index.php:28
Stack trace:
#0 {main}
2025-07-25 19:51:10- 404 - Erro ao acessar a rota:  
 App\exceptions\routersExceptions: A rota não existe in /var/www/html/index.php:28
Stack trace:
#0 {main}
2025-07-25 19:51:46- 404 - Erro ao acessar a rota:  
 App\exceptions\routersExceptions: A rota não existe in /var/www/html/index.php:28
Stack trace:
#0 {main}
2025-07-25 19:51:46- 404 - Erro ao acessar a rota:  
 App\exceptions\routersExceptions: A rota não existe in /var/www/html/index.php:28
Stack trace:
#0 {main}
2025-07-25 19:52:02- 404 - Erro ao acessar a rota:  
 App\exceptions\routersExceptions: A rota não existe in /var/www/html/index.php:28
Stack trace:
#0 {main}
2025-07-25 19:52:02- 404 - Erro ao acessar a rota:  
 App\exceptions\routersExceptions: A rota não existe in /var/www/html/index.php:28
Stack trace:
#0 {main}
2025-07-25 19:52:16- 404 - Erro ao acessar a rota:  
 App\exceptions\routersExceptions: A rota não existe in /var/www/html/index.php:28
Stack trace:
#0 {main}
2025-07-25 19:52:16- 404 - Erro ao acessar a rota:  
 App\exceptions\routersExceptions: A rota não existe in /var/www/html/index.php:28
Stack trace:
#0 {main}
2025-07-25 19:52:25- 404 - Erro ao acessar a rota:  
 App\exceptions\routersExceptions: A rota não existe in /var/www/html/index.php:28
Stack trace:
#0 {main}
2025-07-25 19:52:25- 404 - Erro ao acessar a rota:  
 App\exceptions\routersExceptions: A rota não existe in /var/www/html/index.php:28
Stack trace:
#0 {main}
2025-07-25 19:52:45- 404 - Erro ao acessar a rota:  
 App\exceptions\routersExceptions: A rota não existe in /var/www/html/index.php:28
Stack trace:
#0 {main}
2025-07-25 19:52:45- 404 - Erro ao acessar a rota:  
 App\exceptions\routersExceptions: A rota não existe in /var/www/html/index.php:28
Stack trace:
#0 {main}
2025-07-25 19:53:22- 404 - Erro ao acessar a rota:  
 App\exceptions\routersExceptions: A rota não existe in /var/www/html/index.php:28
Stack trace:
#0 {main}
2025-07-25 19:53:22- 404 - Erro ao acessar a rota:  
 App\exceptions\routersExceptions: A rota não existe in /var/www/html/index.php:28
Stack trace:
#0 {main}
2025-07-25 19:56:17- 404 - Erro ao acessar a rota:  
 App\exceptions\routersExceptions: A rota não existe in /var/www/html/index.php:28
Stack trace:
#0 {main}
2025-07-25 19:56:17- 404 - Erro ao acessar a rota:  
 App\exceptions\routersExceptions: A rota não existe in /var/www/html/index.php:28
Stack trace:
#0 {main}
2025-07-25 19:57:44- 404 - Erro ao acessar a rota:  
 App\exceptions\routersExceptions: A rota não existe in /var/www/html/index.php:28
Stack trace:
#0 {main}
2025-07-25 19:57:44- 404 - Erro ao acessar a rota:  
 App\exceptions\routersExceptions: A rota não existe in /var/www/html/index.php:28
Stack trace:
#0 {main}
2025-07-25 19:57:51- 404 - Erro ao acessar a rota:  
 App\exceptions\routersExceptions: A rota não existe in /var/www/html/index.php:28
Stack trace:
#0 {main}
2025-07-25 19:57:51- 404 - Erro ao acessar a rota:  
 App\exceptions\routersExceptions: A rota não existe in /var/www/html/index.php:28
Stack trace:
#0 {main}
2025-07-25 19:57:52- 404 - Erro ao acessar a rota:  
 App\exceptions\routersExceptions: A rota não existe in /var/www/html/index.php:28
Stack trace:
#0 {main}
2025-07-25 19:57:52- 404 - Erro ao acessar a rota:  
 App\exceptions\routersExceptions: A rota não existe in /var/www/html/index.php:28
Stack trace:
#0 {main}
2025-07-25 19:58:40- 404 - Erro ao acessar a rota:  
 App\exceptions\routersExceptions: A rota não existe in /var/www/html/index.php:28
Stack trace:
#0 {main}
2025-07-25 19:58:40- 404 - Erro ao acessar a rota:  
 App\exceptions\routersExceptions: A rota não existe in /var/www/html/index.php:28
Stack trace:
#0 {main}
2025-07-25 20:01:39- 404 - Erro ao acessar a rota:  
 App\exceptions\routersExceptions: A rota não existe in /var/www/html/index.php:28
Stack trace:
#0 {main}
2025-07-25 20:01:39- 404 - Erro ao acessar a rota:  
 App\exceptions\routersExceptions: A rota não existe in /var/www/html/index.php:28
Stack trace:
#0 {main}
2025-07-25 20:02:19- 404 - Erro ao acessar a rota:  
 App\exceptions\routersExceptions: A rota não existe in /var/www/html/index.php:28
Stack trace:
#0 {main}
2025-07-25 20:02:19- 404 - Erro ao acessar a rota:  
 App\exceptions\routersExceptions: A rota não existe in /var/www/html/index.php:28
Stack trace:
#0 {main}
2025-07-25 20:02:39- 404 - Erro ao acessar a rota:  
 App\exceptions\routersExceptions: A rota não existe in /var/www/html/index.php:28
Stack trace:
#0 {main}
2025-07-25 20:02:39- 404 - Erro ao acessar a rota:  
 App\exceptions\routersExceptions: A rota não existe in /var/www/html/index.php:28
Stack trace:
#0 {main}
2025-07-25 20:02:52- 404 - Erro ao acessar a rota:  
 App\exceptions\routersExceptions: A rota não existe in /var/www/html/index.php:28
Stack trace:
#0 {main}
2025-07-25 20:02:52- 404 - Erro ao acessar a rota:  
 App\exceptions\routersExceptions: A rota não existe in /var/www/html/index.php:28
Stack trace:
#0 {main}
2025-07-25 20:03:17- 404 - Erro ao acessar a rota:  
 App\exceptions\routersExceptions: A rota não existe in /var/www/html/index.php:28
Stack trace:
#0 {main}
2025-07-25 20:03:17- 404 - Erro ao acessar a rota:  
 App\exceptions\routersExceptions: A rota não existe in /var/www/html/index.php:28
Stack trace:
#0 {main}
2025-07-25 20:03:31- 404 - Erro ao acessar a rota:  
 App\exceptions\routersExceptions: A rota não existe in /var/www/html/index.php:28
Stack trace:
#0 {main}
2025-07-25 20:03:31- 404 - Erro ao acessar a rota:  
 App\exceptions\routersExceptions: A rota não existe in /var/www/html/index.php:28
Stack trace:
#0 {main}
2025-07-25 20:04:16- 404 - Erro ao acessar a rota:  
 App\exceptions\routersExceptions: A rota não existe in /var/www/html/index.php:28
Stack trace:
#0 {main}
2025-07-25 20:04:17- 404 - Erro ao acessar a rota:  
 App\exceptions\routersExceptions: A rota não existe in /var/www/html/index.php:28
Stack trace:
#0 {main}
2025-07-25 20:04:48- 404 - Erro ao acessar a rota:  
 App\exceptions\routersExceptions: A rota não existe in /var/www/html/index.php:28
Stack trace:
#0 {main}
2025-07-25 20:04:50- 404 - Erro ao acessar a rota:  
 App\exceptions\routersExceptions: A rota não existe in /var/www/html/index.php:28
Stack trace:
#0 {main}
2025-07-25 20:05:10- 404 - Erro ao acessar a rota:  
 App\exceptions\routersExceptions: A rota não existe in /var/www/html/index.php:28
Stack trace:
#0 {main}
2025-07-25 20:05:12- 404 - Erro ao acessar a rota:  
 App\exceptions\routersExceptions: A rota não existe in /var/www/html/index.php:28
Stack trace:
#0 {main}
2025-07-25 20:24:13- 404 - Erro ao acessar a rota:  
 App\exceptions\routersExceptions: A rota não existe in /var/www/html/index.php:28
Stack trace:
#0 {main}
2025-07-25 20:25:41- 404 - Erro ao acessar a rota:  
 App\exceptions\routersExceptions: A rota não existe in /var/www/html/index.php:28
Stack trace:
#0 {main}
2025-07-25 20:25:42- 404 - Erro ao acessar a rota:  
 App\exceptions\routersExceptions: A rota não existe in /var/www/html/index.php:28
Stack trace:
#0 {main}
2025-07-25 20:25:44- 404 - Erro ao acessar a rota:  
 App\exceptions\routersExceptions: A rota não existe in /var/www/html/index.php:28
Stack trace:
#0 {main}
2025-07-25 20:25:51- 404 - Erro ao acessar a rota:  
 App\exceptions\routersExceptions: A rota não existe in /var/www/html/index.php:28
Stack trace:
#0 {main}
2025-07-25 20:25:53- 404 - Erro ao acessar a rota:  
 App\exceptions\routersExceptions: A rota não existe in /var/www/html/index.php:28
Stack trace:
#0 {main}
2025-07-25 20:27:37- 404 - Erro ao acessar a rota:  
 App\exceptions\routersExceptions: A rota não existe in /var/www/html/index.php:28
Stack trace:
#0 {main}
2025-07-25 20:27:37- 404 - Erro ao acessar a rota:  
 App\exceptions\routersExceptions: A rota não existe in /var/www/html/index.php:28
Stack trace:
#0 {main}
2025-07-25 20:28:02- 404 - Erro ao acessar a rota:  
 App\exceptions\routersExceptions: A rota não existe in /var/www/html/index.php:28
Stack trace:
#0 {main}
2025-07-25 20:28:02- 404 - Erro ao acessar a rota:  
 App\exceptions\routersExceptions: A rota não existe in /var/www/html/index.php:28
Stack trace:
#0 {main}
2025-07-25 20:28:05- 404 - Erro ao acessar a rota:  
 App\exceptions\routersExceptions: A rota não existe in /var/www/html/index.php:28
Stack trace:
#0 {main}
2025-07-25 20:28:05- 404 - Erro ao acessar a rota:  
 App\exceptions\routersExceptions: A rota não existe in /var/www/html/index.php:28
Stack trace:
#0 {main}
2025-07-25 20:28:34- 404 - Erro ao acessar a rota:  
 App\exceptions\routersExceptions: A rota não existe in /var/www/html/index.php:28
Stack trace:
#0 {main}
2025-07-25 20:28:34- 404 - Erro ao acessar a rota:  
 App\exceptions\routersExceptions: A rota não existe in /var/www/html/index.php:28
Stack trace:
#0 {main}
2025-07-25 20:28:41- 404 - Erro ao acessar a rota:  
 App\exceptions\routersExceptions: A rota não existe in /var/www/html/index.php:28
Stack trace:
#0 {main}
2025-07-25 20:28:41- 404 - Erro ao acessar a rota:  
 App\exceptions\routersExceptions: A rota não existe in /var/www/html/index.php:28
Stack trace:
#0 {main}
2025-07-25 20:28:52- 404 - Erro ao acessar a rota:  
 App\exceptions\routersExceptions: A rota não existe in /var/www/html/index.php:28
Stack trace:
#0 {main}
2025-07-25 20:28:53- 404 - Erro ao acessar a rota:  
 App\exceptions\routersExceptions: A rota não existe in /var/www/html/index.php:28
Stack trace:
#0 {main}
2025-07-25 20:28:55- 404 - Erro ao acessar a rota:  
 App\exceptions\routersExceptions: A rota não existe in /var/www/html/index.php:28
Stack trace:
#0 {main}
2025-07-25 20:28:55- 404 - Erro ao acessar a rota:  
 App\exceptions\routersExceptions: A rota não existe in /var/www/html/index.php:28
Stack trace:
#0 {main}
2025-07-25 20:28:55- 404 - Erro ao acessar a rota:  
 App\exceptions\routersExceptions: A rota não existe in /var/www/html/index.php:28
Stack trace:
#0 {main}
2025-07-25 20:28:59- 404 - Erro ao acessar a rota:  
 App\exceptions\routersExceptions: A rota não existe in /var/www/html/index.php:28
Stack trace:
#0 {main}
2025-07-25 20:28:59- 404 - Erro ao acessar a rota:  
 App\exceptions\routersExceptions: A rota não existe in /var/www/html/index.php:28
Stack trace:
#0 {main}
2025-07-25 20:29:57- 404 - Erro ao acessar a rota:  
 App\exceptions\routersExceptions: A rota não existe in /var/www/html/index.php:28
Stack trace:
#0 {main}
2025-07-25 20:29:57- 404 - Erro ao acessar a rota:  
 App\exceptions\routersExceptions: A rota não existe in /var/www/html/index.php:28
Stack trace:
#0 {main}
2025-07-25 20:30:33- 404 - Erro ao acessar a rota:  
 App\exceptions\routersExceptions: A rota não existe in /var/www/html/index.php:28
Stack trace:
#0 {main}
2025-07-25 20:30:33- 404 - Erro ao acessar a rota:  
 App\exceptions\routersExceptions: A rota não existe in /var/www/html/index.php:28
Stack trace:
#0 {main}
2025-07-25 20:31:06- 404 - Erro ao acessar a rota:  
 App\exceptions\routersExceptions: A rota não existe in /var/www/html/index.php:28
Stack trace:
#0 {main}
2025-07-25 20:31:06- 404 - Erro ao acessar a rota:  
 App\exceptions\routersExceptions: A rota não existe in /var/www/html/index.php:28
Stack trace:
#0 {main}
2025-07-25 20:32:33- 404 - Erro ao acessar a rota:  
 App\exceptions\routersExceptions: A rota não existe in /var/www/html/index.php:28
Stack trace:
#0 {main}
2025-07-25 20:32:33- 404 - Erro ao acessar a rota:  
 App\exceptions\routersExceptions: A rota não existe in /var/www/html/index.php:28
Stack trace:
#0 {main}
2025-07-25 20:33:14- 404 - Erro ao acessar a rota:  
 App\exceptions\routersExceptions: A rota não existe in /var/www/html/index.php:28
Stack trace:
#0 {main}
2025-07-25 20:33:14- 404 - Erro ao acessar a rota:  
 App\exceptions\routersExceptions: A rota não existe in /var/www/html/index.php:28
Stack trace:
#0 {main}
2025-07-25 20:35:24- 404 - Erro ao acessar a rota:  
 App\exceptions\routersExceptions: A rota não existe in /var/www/html/index.php:28
Stack trace:
#0 {main}
2025-07-25 20:35:24- 404 - Erro ao acessar a rota:  
 App\exceptions\routersExceptions: A rota não existe in /var/www/html/index.php:28
Stack trace:
#0 {main}
2025-07-25 20:35:30- 404 - Erro ao acessar a rota:  
 App\exceptions\routersExceptions: A rota não existe in /var/www/html/index.php:28
Stack trace:
#0 {main}
2025-07-25 20:35:30- 404 - Erro ao acessar a rota:  
 App\exceptions\routersExceptions: A rota não existe in /var/www/html/index.php:28
Stack trace:
#0 {main}
2025-07-25 20:35:36- 404 - Erro ao acessar a rota:  
 App\exceptions\routersExceptions: A rota não existe in /var/www/html/index.php:28
Stack trace:
#0 {main}
2025-07-25 20:35:36- 404 - Erro ao acessar a rota:  
 App\exceptions\routersExceptions: A rota não existe in /var/www/html/index.php:28
Stack trace:
#0 {main}
2025-07-25 20:35:40- 404 - Erro ao acessar a rota:  
 App\exceptions\routersExceptions: A rota não existe in /var/www/html/index.php:28
Stack trace:
#0 {main}
2025-07-25 20:35:40- 404 - Erro ao acessar a rota:  
 App\exceptions\routersExceptions: A rota não existe in /var/www/html/index.php:28
Stack trace:
#0 {main}
2025-07-25 20:37:33- 404 - Erro ao acessar a rota:  
 App\exceptions\routersExceptions: A rota não existe in /var/www/html/index.php:28
Stack trace:
#0 {main}
2025-07-25 20:37:33- 404 - Erro ao acessar a rota:  
 App\exceptions\routersExceptions: A rota não existe in /var/www/html/index.php:28
Stack trace:
#0 {main}
2025-07-25 20:37:36- 404 - Erro ao acessar a rota:  
 App\exceptions\routersExceptions: A rota não existe in /var/www/html/index.php:28
Stack trace:
#0 {main}
2025-07-25 20:37:36- 404 - Erro ao acessar a rota:  
 App\exceptions\routersExceptions: A rota não existe in /var/www/html/index.php:28
Stack trace:
#0 {main}
2025-07-25 20:37:41- 404 - Erro ao acessar a rota:  
 App\exceptions\routersExceptions: A rota não existe in /var/www/html/index.php:28
Stack trace:
#0 {main}
2025-07-25 20:37:41- 404 - Erro ao acessar a rota:  
 App\exceptions\routersExceptions: A rota não existe in /var/www/html/index.php:28
Stack trace:
#0 {main}
2025-07-25 20:37:50- 404 - Erro ao acessar a rota:  
 App\exceptions\routersExceptions: A rota não existe in /var/www/html/index.php:28
Stack trace:
#0 {main}
2025-07-25 20:37:50- 404 - Erro ao acessar a rota:  
 App\exceptions\routersExceptions: A rota não existe in /var/www/html/index.php:28
Stack trace:
#0 {main}
2025-07-25 20:37:54- 404 - Erro ao acessar a rota:  
 App\exceptions\routersExceptions: A rota não existe in /var/www/html/index.php:28
Stack trace:
#0 {main}
2025-07-25 20:37:54- 404 - Erro ao acessar a rota:  
 App\exceptions\routersExceptions: A rota não existe in /var/www/html/index.php:28
Stack trace:
#0 {main}
2025-07-25 20:38:55- 404 - Erro ao acessar a rota:  
 App\exceptions\routersExceptions: A rota não existe in /var/www/html/index.php:28
Stack trace:
#0 {main}
2025-07-25 20:38:55- 404 - Erro ao acessar a rota:  
 App\exceptions\routersExceptions: A rota não existe in /var/www/html/index.php:28
Stack trace:
#0 {main}
2025-07-25 20:39:50- 404 - Erro ao acessar a rota:  
 App\exceptions\routersExceptions: A rota não existe in /var/www/html/index.php:28
Stack trace:
#0 {main}
2025-07-25 20:39:50- 404 - Erro ao acessar a rota:  
 App\exceptions\routersExceptions: A rota não existe in /var/www/html/index.php:28
Stack trace:
#0 {main}
2025-07-25 20:40:50- 404 - Erro ao acessar a rota:  
 App\exceptions\routersExceptions: A rota não existe in /var/www/html/index.php:28
Stack trace:
#0 {main}
2025-07-25 20:40:53- 404 - Erro ao acessar a rota:  
 App\exceptions\routersExceptions: A rota não existe in /var/www/html/index.php:28
Stack trace:
#0 {main}
2025-07-25 20:41:30- 404 - Erro ao acessar a rota:  
 App\exceptions\routersExceptions: A rota não existe in /var/www/html/index.php:28
Stack trace:
#0 {main}
2025-07-25 20:42:24- 404 - Erro ao acessar a rota:  
 App\exceptions\routersExceptions: A rota não existe in /var/www/html/index.php:28
Stack trace:
#0 {main}
2025-07-25 20:42:37- 404 - Erro ao acessar a rota:  
 App\exceptions\routersExceptions: A rota não existe in /var/www/html/index.php:28
Stack trace:
#0 {main}
2025-07-25 20:42:53- 404 - Erro ao acessar a rota:  
 App\exceptions\routersExceptions: A rota não existe in /var/www/html/index.php:28
Stack trace:
#0 {main}
2025-07-25 20:43:23- 404 - Erro ao acessar a rota:  
 App\exceptions\routersExceptions: A rota não existe in /var/www/html/index.php:28
Stack trace:
#0 {main}
2025-07-25 20:43:37- 404 - Erro ao acessar a rota:  
 App\exceptions\routersExceptions: A rota não existe in /var/www/html/index.php:28
Stack trace:
#0 {main}
2025-07-25 20:44:03- 404 - Erro ao acessar a rota:  
 App\exceptions\routersExceptions: A rota não existe in /var/www/html/index.php:28
Stack trace:
#0 {main}
2025-07-25 20:44:08- 404 - Erro ao acessar a rota:  
 App\exceptions\routersExceptions: A rota não existe in /var/www/html/index.php:28
Stack trace:
#0 {main}
2025-07-25 20:44:13- 404 - Erro ao acessar a rota:  
 App\exceptions\routersExceptions: A rota não existe in /var/www/html/index.php:28
Stack trace:
#0 {main}
2025-07-25 20:44:16- 404 - Erro ao acessar a rota:  
 App\exceptions\routersExceptions: A rota não existe in /var/www/html/index.php:28
Stack trace:
#0 {main}
2025-07-25 20:44:22- 404 - Erro ao acessar a rota:  
 App\exceptions\routersExceptions: A rota não existe in /var/www/html/index.php:28
Stack trace:
#0 {main}
2025-07-25 20:44:23- 404 - Erro ao acessar a rota:  
 App\exceptions\routersExceptions: A rota não existe in /var/www/html/index.php:28
Stack trace:
#0 {main}
2025-07-25 20:44:26- 404 - Erro ao acessar a rota:  
 App\exceptions\routersExceptions: A rota não existe in /var/www/html/index.php:28
Stack trace:
#0 {main}
2025-07-25 20:44:27- 404 - Erro ao acessar a rota:  
 App\exceptions\routersExceptions: A rota não existe in /var/www/html/index.php:28
Stack trace:
#0 {main}
2025-07-25 20:45:24- 404 - Erro ao acessar a rota:  
 App\exceptions\routersExceptions: A rota não existe in /var/www/html/index.php:28
Stack trace:
#0 {main}
2025-07-25 20:45:41- 404 - Erro ao acessar a rota:  
 App\exceptions\routersExceptions: A rota não existe in /var/www/html/index.php:28
Stack trace:
#0 {main}
2025-07-25 20:47:16- 404 - Erro ao acessar a rota:  
 App\exceptions\routersExceptions: A rota não existe in /var/www/html/index.php:28
Stack trace:
#0 {main}
2025-07-25 20:47:30- 404 - Erro ao acessar a rota:  
 App\exceptions\routersExceptions: A rota não existe in /var/www/html/index.php:28
Stack trace:
#0 {main}
2025-07-25 20:49:27- 404 - Erro ao acessar a rota:  
 App\exceptions\routersExceptions: A rota não existe in /var/www/html/index.php:28
Stack trace:
#0 {main}
2025-07-25 20:49:27- 404 - Erro ao acessar a rota:  
 App\exceptions\routersExceptions: A rota não existe in /var/www/html/index.php:28
Stack trace:
#0 {main}
2025-07-25 20:49:30- 404 - Erro ao acessar a rota:  
 App\exceptions\routersExceptions: A rota não existe in /var/www/html/index.php:28
Stack trace:
#0 {main}
2025-07-25 20:49:34- 404 - Erro ao acessar a rota:  
 App\exceptions\routersExceptions: A rota não existe in /var/www/html/index.php:28
Stack trace:
#0 {main}
2025-07-25 20:49:38- 404 - Erro ao acessar a rota:  
 App\exceptions\routersExceptions: A rota não existe in /var/www/html/index.php:28
Stack trace:
#0 {main}
2025-07-25 20:51:23- 404 - Erro ao acessar a rota:  
 App\exceptions\routersExceptions: A rota não existe in /var/www/html/index.php:28
Stack trace:
#0 {main}
2025-07-25 20:51:26- 404 - Erro ao acessar a rota:  
 App\exceptions\routersExceptions: A rota não existe in /var/www/html/index.php:28
Stack trace:
#0 {main}
2025-07-25 20:51:33- 404 - Erro ao acessar a rota:  
 App\exceptions\routersExceptions: A rota não existe in /var/www/html/index.php:28
Stack trace:
#0 {main}
2025-07-25 20:51:33- 404 - Erro ao acessar a rota:  
 App\exceptions\routersExceptions: A rota não existe in /var/www/html/index.php:28
Stack trace:
#0 {main}
2025-07-25 20:51:40- 404 - Erro ao acessar a rota:  
 App\exceptions\routersExceptions: A rota não existe in /var/www/html/index.php:28
Stack trace:
#0 {main}
2025-07-25 20:51:40- 404 - Erro ao acessar a rota:  
 App\exceptions\routersExceptions: A rota não existe in /var/www/html/index.php:28
Stack trace:
#0 {main}
2025-07-25 20:51:40- 404 - Erro ao acessar a rota:  
 App\exceptions\routersExceptions: A rota não existe in /var/www/html/index.php:28
Stack trace:
#0 {main}
2025-07-25 20:51:55- 404 - Erro ao acessar a rota:  
 App\exceptions\routersExceptions: A rota não existe in /var/www/html/index.php:28
Stack trace:
#0 {main}
2025-07-25 20:51:55- 404 - Erro ao acessar a rota:  
 App\exceptions\routersExceptions: A rota não existe in /var/www/html/index.php:28
Stack trace:
#0 {main}
2025-07-25 20:51:57- 404 - Erro ao acessar a rota:  
 App\exceptions\routersExceptions: A rota não existe in /var/www/html/index.php:28
Stack trace:
#0 {main}
2025-07-25 20:51:57- 404 - Erro ao acessar a rota:  
 App\exceptions\routersExceptions: A rota não existe in /var/www/html/index.php:28
Stack trace:
#0 {main}
2025-07-25 20:51:57- 404 - Erro ao acessar a rota:  
 App\exceptions\routersExceptions: A rota não existe in /var/www/html/index.php:28
Stack trace:
#0 {main}
2025-07-25 20:51:58- 404 - Erro ao acessar a rota:  
 App\exceptions\routersExceptions: A rota não existe in /var/www/html/index.php:28
Stack trace:
#0 {main}
2025-07-25 20:51:58- 404 - Erro ao acessar a rota:  
 App\exceptions\routersExceptions: A rota não existe in /var/www/html/index.php:28
Stack trace:
#0 {main}
2025-07-25 20:52:00- 404 - Erro ao acessar a rota:  
 App\exceptions\routersExceptions: A rota não existe in /var/www/html/index.php:28
Stack trace:
#0 {main}
2025-07-25 20:52:00- 404 - Erro ao acessar a rota:  
 App\exceptions\routersExceptions: A rota não existe in /var/www/html/index.php:28
Stack trace:
#0 {main}
2025-07-25 20:52:03- 404 - Erro ao acessar a rota:  
 App\exceptions\routersExceptions: A rota não existe in /var/www/html/index.php:28
Stack trace:
#0 {main}
2025-07-25 20:52:03- 404 - Erro ao acessar a rota:  
 App\exceptions\routersExceptions: A rota não existe in /var/www/html/index.php:28
Stack trace:
#0 {main}
2025-07-25 20:52:03- 404 - Erro ao acessar a rota:  
 App\exceptions\routersExceptions: A rota não existe in /var/www/html/index.php:28
Stack trace:
#0 {main}
2025-07-25 20:52:05- 404 - Erro ao acessar a rota:  
 App\exceptions\routersExceptions: A rota não existe in /var/www/html/index.php:28
Stack trace:
#0 {main}
2025-07-25 20:52:05- 404 - Erro ao acessar a rota:  
 App\exceptions\routersExceptions: A rota não existe in /var/www/html/index.php:28
Stack trace:
#0 {main}
2025-07-25 20:52:20- 404 - Erro ao acessar a rota:  
 App\exceptions\routersExceptions: A rota não existe in /var/www/html/index.php:28
Stack trace:
#0 {main}
2025-07-25 20:52:20- 404 - Erro ao acessar a rota:  
 App\exceptions\routersExceptions: A rota não existe in /var/www/html/index.php:28
Stack trace:
#0 {main}
2025-07-25 20:52:21- 404 - Erro ao acessar a rota:  
 App\exceptions\routersExceptions: A rota não existe in /var/www/html/index.php:28
Stack trace:
#0 {main}
2025-07-25 20:52:21- 404 - Erro ao acessar a rota:  
 App\exceptions\routersExceptions: A rota não existe in /var/www/html/index.php:28
Stack trace:
#0 {main}
2025-07-25 20:52:23- 404 - Erro ao acessar a rota:  
 App\exceptions\routersExceptions: A rota não existe in /var/www/html/index.php:28
Stack trace:
#0 {main}
2025-07-25 20:52:23- 404 - Erro ao acessar a rota:  
 App\exceptions\routersExceptions: A rota não existe in /var/www/html/index.php:28
Stack trace:
#0 {main}
2025-07-25 20:52:23- 404 - Erro ao acessar a rota:  
 App\exceptions\routersExceptions: A rota não existe in /var/www/html/index.php:28
Stack trace:
#0 {main}
2025-07-25 20:52:47- 404 - Erro ao acessar a rota:  
 App\exceptions\routersExceptions: A rota não existe in /var/www/html/index.php:28
Stack trace:
#0 {main}
2025-07-25 20:52:47- 404 - Erro ao acessar a rota:  
 App\exceptions\routersExceptions: A rota não existe in /var/www/html/index.php:28
Stack trace:
#0 {main}
2025-07-25 20:52:50- 404 - Erro ao acessar a rota:  
 App\exceptions\routersExceptions: A rota não existe in /var/www/html/index.php:28
Stack trace:
#0 {main}
2025-07-25 20:52:50- 404 - Erro ao acessar a rota:  
 App\exceptions\routersExceptions: A rota não existe in /var/www/html/index.php:28
Stack trace:
#0 {main}
2025-07-25 20:52:54- 404 - Erro ao acessar a rota:  
 App\exceptions\routersExceptions: A rota não existe in /var/www/html/index.php:28
Stack trace:
#0 {main}
2025-07-25 20:52:54- 404 - Erro ao acessar a rota:  
 App\exceptions\routersExceptions: A rota não existe in /var/www/html/index.php:28
Stack trace:
#0 {main}
2025-07-25 20:52:54- 404 - Erro ao acessar a rota:  
 App\exceptions\routersExceptions: A rota não existe in /var/www/html/index.php:28
Stack trace:
#0 {main}
2025-07-25 20:55:38- 404 - Erro ao acessar a rota:  
 App\exceptions\routersExceptions: A rota não existe in /var/www/html/index.php:28
Stack trace:
#0 {main}
2025-07-25 20:55:39- 404 - Erro ao acessar a rota:  
 App\exceptions\routersExceptions: A rota não existe in /var/www/html/index.php:28
Stack trace:
#0 {main}
2025-07-25 20:55:41- 404 - Erro ao acessar a rota:  
 App\exceptions\routersExceptions: A rota não existe in /var/www/html/index.php:28
Stack trace:
#0 {main}
2025-07-25 20:55:41- 404 - Erro ao acessar a rota:  
 App\exceptions\routersExceptions: A rota não existe in /var/www/html/index.php:28
Stack trace:
#0 {main}
2025-07-25 20:55:43- 404 - Erro ao acessar a rota:  
 App\exceptions\routersExceptions: A rota não existe in /var/www/html/index.php:28
Stack trace:
#0 {main}
2025-07-25 20:55:43- 404 - Erro ao acessar a rota:  
 App\exceptions\routersExceptions: A rota não existe in /var/www/html/index.php:28
Stack trace:
#0 {main}
2025-07-25 20:55:43- 404 - Erro ao acessar a rota:  
 App\exceptions\routersExceptions: A rota não existe in /var/www/html/index.php:28
Stack trace:
#0 {main}
2025-07-25 20:55:48- 404 - Erro ao acessar a rota:  
 App\exceptions\routersExceptions: A rota não existe in /var/www/html/index.php:28
Stack trace:
#0 {main}
2025-07-25 20:55:48- 404 - Erro ao acessar a rota:  
 App\exceptions\routersExceptions: A rota não existe in /var/www/html/index.php:28
Stack trace:
#0 {main}
2025-07-25 20:55:51- 404 - Erro ao acessar a rota:  
 App\exceptions\routersExceptions: A rota não existe in /var/www/html/index.php:28
Stack trace:
#0 {main}
2025-07-25 20:55:51- 404 - Erro ao acessar a rota:  
 App\exceptions\routersExceptions: A rota não existe in /var/www/html/index.php:28
Stack trace:
#0 {main}
2025-07-25 20:55:54- 404 - Erro ao acessar a rota:  
 App\exceptions\routersExceptions: A rota não existe in /var/www/html/index.php:28
Stack trace:
#0 {main}
2025-07-25 20:55:54- 404 - Erro ao acessar a rota:  
 App\exceptions\routersExceptions: A rota não existe in /var/www/html/index.php:28
Stack trace:
#0 {main}
2025-07-25 20:55:54- 404 - Erro ao acessar a rota:  
 App\exceptions\routersExceptions: A rota não existe in /var/www/html/index.php:28
Stack trace:
#0 {main}
2025-07-25 20:55:57- 404 - Erro ao acessar a rota:  
 App\exceptions\routersExceptions: A rota não existe in /var/www/html/index.php:28
Stack trace:
#0 {main}
2025-07-25 20:55:57- 404 - Erro ao acessar a rota:  
 App\exceptions\routersExceptions: A rota não existe in /var/www/html/index.php:28
Stack trace:
#0 {main}
2025-07-25 20:55:58- 404 - Erro ao acessar a rota:  
 App\exceptions\routersExceptions: A rota não existe in /var/www/html/index.php:28
Stack trace:
#0 {main}
2025-07-25 20:55:58- 404 - Erro ao acessar a rota:  
 App\exceptions\routersExceptions: A rota não existe in /var/www/html/index.php:28
Stack trace:
#0 {main}
2025-07-25 20:55:58- 404 - Erro ao acessar a rota:  
 App\exceptions\routersExceptions: A rota não existe in /var/www/html/index.php:28
Stack trace:
#0 {main}
2025-07-25 20:56:00- 404 - Erro ao acessar a rota:  
 App\exceptions\routersExceptions: A rota não existe in /var/www/html/index.php:28
Stack trace:
#0 {main}
2025-07-25 20:56:00- 404 - Erro ao acessar a rota:  
 App\exceptions\routersExceptions: A rota não existe in /var/www/html/index.php:28
Stack trace:
#0 {main}
2025-07-25 20:56:00- 404 - Erro ao acessar a rota:  
 App\exceptions\routersExceptions: A rota não existe in /var/www/html/index.php:28
Stack trace:
#0 {main}
2025-07-25 20:56:00- 404 - Erro ao acessar a rota:  
 App\exceptions\routersExceptions: A rota não existe in /var/www/html/index.php:28
Stack trace:
#0 {main}
2025-07-25 20:56:01- 404 - Erro ao acessar a rota:  
 App\exceptions\routersExceptions: A rota não existe in /var/www/html/index.php:28
Stack trace:
#0 {main}
2025-07-25 20:56:01- 404 - Erro ao acessar a rota:  
 App\exceptions\routersExceptions: A rota não existe in /var/www/html/index.php:28
Stack trace:
#0 {main}
2025-07-25 20:56:01- 404 - Erro ao acessar a rota:  
 App\exceptions\routersExceptions: A rota não existe in /var/www/html/index.php:28
Stack trace:
#0 {main}
2025-07-25 20:57:28- 404 - Erro ao acessar a rota:  
 App\exceptions\routersExceptions: A rota não existe in /var/www/html/index.php:28
Stack trace:
#0 {main}
2025-07-25 20:57:28- 404 - Erro ao acessar a rota:  
 App\exceptions\routersExceptions: A rota não existe in /var/www/html/index.php:28
Stack trace:
#0 {main}
2025-07-25 20:57:32- 404 - Erro ao acessar a rota:  
 App\exceptions\routersExceptions: A rota não existe in /var/www/html/index.php:28
Stack trace:
#0 {main}
2025-07-25 20:57:32- 404 - Erro ao acessar a rota:  
 App\exceptions\routersExceptions: A rota não existe in /var/www/html/index.php:28
Stack trace:
#0 {main}
2025-07-25 20:57:35- 404 - Erro ao acessar a rota:  
 App\exceptions\routersExceptions: A rota não existe in /var/www/html/index.php:28
Stack trace:
#0 {main}
2025-07-25 20:57:35- 404 - Erro ao acessar a rota:  
 App\exceptions\routersExceptions: A rota não existe in /var/www/html/index.php:28
Stack trace:
#0 {main}
2025-07-25 20:57:37- 404 - Erro ao acessar a rota:  
 App\exceptions\routersExceptions: A rota não existe in /var/www/html/index.php:28
Stack trace:
#0 {main}
2025-07-25 20:57:37- 404 - Erro ao acessar a rota:  
 App\exceptions\routersExceptions: A rota não existe in /var/www/html/index.php:28
Stack trace:
#0 {main}
2025-07-25 20:57:40- 404 - Erro ao acessar a rota:  
 App\exceptions\routersExceptions: A rota não existe in /var/www/html/index.php:28
Stack trace:
#0 {main}
2025-07-25 20:57:40- 404 - Erro ao acessar a rota:  
 App\exceptions\routersExceptions: A rota não existe in /var/www/html/index.php:28
Stack trace:
#0 {main}
2025-07-25 20:57:40- 404 - Erro ao acessar a rota:  
 App\exceptions\routersExceptions: A rota não existe in /var/www/html/index.php:28
Stack trace:
#0 {main}
2025-07-25 20:59:05- 404 - Erro ao acessar a rota:  
 App\exceptions\routersExceptions: A rota não existe in /var/www/html/index.php:28
Stack trace:
#0 {main}
2025-07-25 20:59:05- 404 - Erro ao acessar a rota:  
 App\exceptions\routersExceptions: A rota não existe in /var/www/html/index.php:28
Stack trace:
#0 {main}
2025-07-25 20:59:08- 404 - Erro ao acessar a rota:  
 App\exceptions\routersExceptions: A rota não existe in /var/www/html/index.php:28
Stack trace:
#0 {main}
2025-07-25 20:59:08- 404 - Erro ao acessar a rota:  
 App\exceptions\routersExceptions: A rota não existe in /var/www/html/index.php:28
Stack trace:
#0 {main}
2025-07-25 20:59:11- 404 - Erro ao acessar a rota:  
 App\exceptions\routersExceptions: A rota não existe in /var/www/html/index.php:28
Stack trace:
#0 {main}
2025-07-25 20:59:11- 404 - Erro ao acessar a rota:  
 App\exceptions\routersExceptions: A rota não existe in /var/www/html/index.php:28
Stack trace:
#0 {main}
2025-07-25 20:59:11- 404 - Erro ao acessar a rota:  
 App\exceptions\routersExceptions: A rota não existe in /var/www/html/index.php:28
Stack trace:
#0 {main}
2025-07-25 20:59:14- 404 - Erro ao acessar a rota:  
 App\exceptions\routersExceptions: A rota não existe in /var/www/html/index.php:28
Stack trace:
#0 {main}
2025-07-25 20:59:15- 404 - Erro ao acessar a rota:  
 App\exceptions\routersExceptions: A rota não existe in /var/www/html/index.php:28
Stack trace:
#0 {main}